2019-04-08 21:23:30.049  INFO 10388 --- [restartedMain] com.logbook_spring_example.Application   : Starting Application on DAVIDOS-WINDOWS with PID 10388 (C:\Users\DavidOS\IdeaProjects\logbook-spring-example\target\classes started by DavidOS in C:\Users\DavidOS\IdeaProjects\logbook-spring-example)
2019-04-08 21:23:30.055  INFO 10388 --- [restartedMain] com.logbook_spring_example.Application   : No active profile set, falling back to default profiles: default
2019-04-08 21:23:30.240  INFO 10388 --- [restartedMain] .e.DevToolsPropertyDefaultsPostProcessor : Devtools property defaults active! Set 'spring.devtools.add-properties' to 'false' to disable
2019-04-08 21:23:30.240  INFO 10388 --- [restartedMain] .e.DevToolsPropertyDefaultsPostProcessor : For additional web related logging consider setting the 'logging.level.web' property to 'DEBUG'
2019-04-08 21:23:33.847  INFO 10388 --- [restartedMain] trationDelegate$BeanPostProcessorChecker : Bean 'org.springframework.hateoas.config.HateoasConfiguration' of type [org.springframework.hateoas.config.HateoasConfiguration$$EnhancerBySpringCGLIB$$924441ca] is not eligible for getting processed by all BeanPostProcessors (for example: not eligible for auto-proxying)
2019-04-08 21:23:34.758  INFO 10388 --- [restartedMain] o.s.b.w.embedded.tomcat.TomcatWebServer  : Tomcat initialized with port(s): 8080 (http)
2019-04-08 21:23:34.811  INFO 10388 --- [restartedMain] o.apache.catalina.core.StandardService   : Starting service [Tomcat]
2019-04-08 21:23:34.812  INFO 10388 --- [restartedMain] org.apache.catalina.core.StandardEngine  : Starting Servlet engine: [Apache Tomcat/9.0.17]
2019-04-08 21:23:34.976  INFO 10388 --- [restartedMain] o.a.c.c.C.[Tomcat].[localhost].[/]       : Initializing Spring embedded WebApplicationContext
2019-04-08 21:23:34.977  INFO 10388 --- [restartedMain] o.s.web.context.ContextLoader            : Root WebApplicationContext: initialization completed in 4731 ms
2019-04-08 21:23:38.704  INFO 10388 --- [restartedMain] o.s.s.concurrent.ThreadPoolTaskExecutor  : Initializing ExecutorService 'applicationTaskExecutor'
2019-04-08 21:23:40.649  INFO 10388 --- [restartedMain] o.s.b.d.a.OptionalLiveReloadServer       : LiveReload server is running on port 35729
2019-04-08 21:23:40.695  INFO 10388 --- [restartedMain] o.s.b.a.e.web.EndpointLinksResolver      : Exposing 2 endpoint(s) beneath base path '/actuator'
2019-04-08 21:23:40.881  INFO 10388 --- [restartedMain] o.s.b.w.embedded.tomcat.TomcatWebServer  : Tomcat started on port(s): 8080 (http) with context path ''
2019-04-08 21:23:40.891  INFO 10388 --- [restartedMain] com.logbook_spring_example.Application   : Started Application in 12.048 seconds (JVM running for 15.27)
2019-04-08 21:23:42.691  INFO 10388 --- [RMI TCP Connection(3)-10.0.75.1] o.a.c.c.C.[Tomcat].[localhost].[/]       : Initializing Spring DispatcherServlet 'dispatcherServlet'
2019-04-08 21:23:42.694  INFO 10388 --- [RMI TCP Connection(3)-10.0.75.1] o.s.web.servlet.DispatcherServlet        : Initializing Servlet 'dispatcherServlet'
2019-04-08 21:23:42.740  INFO 10388 --- [RMI TCP Connection(3)-10.0.75.1] o.s.web.servlet.DispatcherServlet        : Completed initialization in 46 ms
2019-04-08 21:25:28.853  INFO 10388 --- [Thread-8] o.s.s.concurrent.ThreadPoolTaskExecutor  : Shutting down ExecutorService 'applicationTaskExecutor'
2019-04-08 21:25:41.744  INFO 7740 --- [restartedMain] com.logbook_spring_example.Application   : Starting Application on DAVIDOS-WINDOWS with PID 7740 (C:\Users\DavidOS\IdeaProjects\logbook-spring-example\target\classes started by DavidOS in C:\Users\DavidOS\IdeaProjects\logbook-spring-example)
2019-04-08 21:25:41.751  INFO 7740 --- [restartedMain] com.logbook_spring_example.Application   : No active profile set, falling back to default profiles: default
2019-04-08 21:25:41.966  INFO 7740 --- [restartedMain] .e.DevToolsPropertyDefaultsPostProcessor : Devtools property defaults active! Set 'spring.devtools.add-properties' to 'false' to disable
2019-04-08 21:25:41.966  INFO 7740 --- [restartedMain] .e.DevToolsPropertyDefaultsPostProcessor : For additional web related logging consider setting the 'logging.level.web' property to 'DEBUG'
2019-04-08 21:25:47.854  INFO 7740 --- [restartedMain] trationDelegate$BeanPostProcessorChecker : Bean 'org.springframework.hateoas.config.HateoasConfiguration' of type [org.springframework.hateoas.config.HateoasConfiguration$$EnhancerBySpringCGLIB$$9caac9a5] is not eligible for getting processed by all BeanPostProcessors (for example: not eligible for auto-proxying)
2019-04-08 21:25:49.173  INFO 7740 --- [restartedMain] o.s.b.w.embedded.tomcat.TomcatWebServer  : Tomcat initialized with port(s): 8080 (http)
2019-04-08 21:25:49.241  INFO 7740 --- [restartedMain] o.apache.catalina.core.StandardService   : Starting service [Tomcat]
2019-04-08 21:25:49.242  INFO 7740 --- [restartedMain] org.apache.catalina.core.StandardEngine  : Starting Servlet engine: [Apache Tomcat/9.0.17]
2019-04-08 21:25:49.452  INFO 7740 --- [restartedMain] o.a.c.c.C.[Tomcat].[localhost].[/]       : Initializing Spring embedded WebApplicationContext
2019-04-08 21:25:49.453  INFO 7740 --- [restartedMain] o.s.web.context.ContextLoader            : Root WebApplicationContext: initialization completed in 7486 ms
2019-04-08 21:25:54.184  INFO 7740 --- [restartedMain] o.s.s.concurrent.ThreadPoolTaskExecutor  : Initializing ExecutorService 'applicationTaskExecutor'
2019-04-08 21:25:55.402  INFO 7740 --- [restartedMain] o.s.b.d.a.OptionalLiveReloadServer       : LiveReload server is running on port 35729
2019-04-08 21:25:55.460  INFO 7740 --- [restartedMain] o.s.b.a.e.web.EndpointLinksResolver      : Exposing 2 endpoint(s) beneath base path '/actuator'
2019-04-08 21:25:55.672  INFO 7740 --- [restartedMain] o.s.b.w.embedded.tomcat.TomcatWebServer  : Tomcat started on port(s): 8080 (http) with context path ''
2019-04-08 21:25:55.682  INFO 7740 --- [restartedMain] com.logbook_spring_example.Application   : Started Application in 15.073 seconds (JVM running for 19.067)
2019-04-08 21:25:57.868  INFO 7740 --- [RMI TCP Connection(3)-10.0.75.1] o.a.c.c.C.[Tomcat].[localhost].[/]       : Initializing Spring DispatcherServlet 'dispatcherServlet'
2019-04-08 21:25:57.870  INFO 7740 --- [RMI TCP Connection(3)-10.0.75.1] o.s.web.servlet.DispatcherServlet        : Initializing Servlet 'dispatcherServlet'
2019-04-08 21:25:57.893  INFO 7740 --- [RMI TCP Connection(3)-10.0.75.1] o.s.web.servlet.DispatcherServlet        : Completed initialization in 23 ms
2019-04-08 21:26:26.831 ERROR 7740 --- [http-nio-8080-exec-2] o.a.c.c.C.[.[.[/].[dispatcherServlet]    : Servlet.service() for servlet [dispatcherServlet] in context with path [] threw exception [No adapter for handler [com.logbook_spring_example.controllers.IndexController@67678020]: The DispatcherServlet configuration needs to include a HandlerAdapter that supports this handler] with root cause

javax.servlet.ServletException: No adapter for handler [com.logbook_spring_example.controllers.IndexController@67678020]: The DispatcherServlet configuration needs to include a HandlerAdapter that supports this handler
	at org.springframework.web.servlet.DispatcherServlet.getHandlerAdapter(DispatcherServlet.java:1272) ~[spring-webmvc-5.1.6.RELEASE.jar:5.1.6.RELEASE]
	at org.springframework.web.servlet.DispatcherServlet.doDispatch(DispatcherServlet.java:1021) ~[spring-webmvc-5.1.6.RELEASE.jar:5.1.6.RELEASE]
	at org.springframework.web.servlet.DispatcherServlet.doService(DispatcherServlet.java:942) ~[spring-webmvc-5.1.6.RELEASE.jar:5.1.6.RELEASE]
	at org.springframework.web.servlet.FrameworkServlet.processRequest(FrameworkServlet.java:1005) ~[spring-webmvc-5.1.6.RELEASE.jar:5.1.6.RELEASE]
	at org.springframework.web.servlet.FrameworkServlet.doGet(FrameworkServlet.java:897) ~[spring-webmvc-5.1.6.RELEASE.jar:5.1.6.RELEASE]
	at javax.servlet.http.HttpServlet.service(HttpServlet.java:634) ~[tomcat-embed-core-9.0.17.jar:9.0.17]
	at org.springframework.web.servlet.FrameworkServlet.service(FrameworkServlet.java:882) ~[spring-webmvc-5.1.6.RELEASE.jar:5.1.6.RELEASE]
	at javax.servlet.http.HttpServlet.service(HttpServlet.java:741) ~[tomcat-embed-core-9.0.17.jar:9.0.17]
	at org.apache.catalina.core.ApplicationFilterChain.internalDoFilter(ApplicationFilterChain.java:231) ~[tomcat-embed-core-9.0.17.jar:9.0.17]
	at org.apache.catalina.core.ApplicationFilterChain.doFilter(ApplicationFilterChain.java:166) ~[tomcat-embed-core-9.0.17.jar:9.0.17]
	at org.apache.tomcat.websocket.server.WsFilter.doFilter(WsFilter.java:53) ~[tomcat-embed-websocket-9.0.17.jar:9.0.17]
	at org.apache.catalina.core.ApplicationFilterChain.internalDoFilter(ApplicationFilterChain.java:193) ~[tomcat-embed-core-9.0.17.jar:9.0.17]
	at org.apache.catalina.core.ApplicationFilterChain.doFilter(ApplicationFilterChain.java:166) ~[tomcat-embed-core-9.0.17.jar:9.0.17]
	at org.zalando.logbook.servlet.NormalStrategy.doFilter(NormalStrategy.java:41) ~[logbook-servlet-1.13.0.jar:na]
	at org.zalando.logbook.servlet.LogbookFilter.doFilter(LogbookFilter.java:39) ~[logbook-servlet-1.13.0.jar:na]
	at org.zalando.logbook.servlet.HttpFilter.doFilter(HttpFilter.java:31) ~[logbook-servlet-1.13.0.jar:na]
	at org.apache.catalina.core.ApplicationFilterChain.internalDoFilter(ApplicationFilterChain.java:193) ~[tomcat-embed-core-9.0.17.jar:9.0.17]
	at org.apache.catalina.core.ApplicationFilterChain.doFilter(ApplicationFilterChain.java:166) ~[tomcat-embed-core-9.0.17.jar:9.0.17]
	at org.springframework.boot.actuate.web.trace.servlet.HttpTraceFilter.doFilterInternal(HttpTraceFilter.java:90) ~[spring-boot-actuator-2.1.4.RELEASE.jar:2.1.4.RELEASE]
	at org.springframework.web.filter.OncePerRequestFilter.doFilter(OncePerRequestFilter.java:107) ~[spring-web-5.1.6.RELEASE.jar:5.1.6.RELEASE]
	at org.apache.catalina.core.ApplicationFilterChain.internalDoFilter(ApplicationFilterChain.java:193) ~[tomcat-embed-core-9.0.17.jar:9.0.17]
	at org.apache.catalina.core.ApplicationFilterChain.doFilter(ApplicationFilterChain.java:166) ~[tomcat-embed-core-9.0.17.jar:9.0.17]
	at org.springframework.web.filter.RequestContextFilter.doFilterInternal(RequestContextFilter.java:99) ~[spring-web-5.1.6.RELEASE.jar:5.1.6.RELEASE]
	at org.springframework.web.filter.OncePerRequestFilter.doFilter(OncePerRequestFilter.java:107) ~[spring-web-5.1.6.RELEASE.jar:5.1.6.RELEASE]
	at org.apache.catalina.core.ApplicationFilterChain.internalDoFilter(ApplicationFilterChain.java:193) ~[tomcat-embed-core-9.0.17.jar:9.0.17]
	at org.apache.catalina.core.ApplicationFilterChain.doFilter(ApplicationFilterChain.java:166) ~[tomcat-embed-core-9.0.17.jar:9.0.17]
	at org.springframework.web.filter.FormContentFilter.doFilterInternal(FormContentFilter.java:92) ~[spring-web-5.1.6.RELEASE.jar:5.1.6.RELEASE]
	at org.springframework.web.filter.OncePerRequestFilter.doFilter(OncePerRequestFilter.java:107) ~[spring-web-5.1.6.RELEASE.jar:5.1.6.RELEASE]
	at org.apache.catalina.core.ApplicationFilterChain.internalDoFilter(ApplicationFilterChain.java:193) ~[tomcat-embed-core-9.0.17.jar:9.0.17]
	at org.apache.catalina.core.ApplicationFilterChain.doFilter(ApplicationFilterChain.java:166) ~[tomcat-embed-core-9.0.17.jar:9.0.17]
	at org.springframework.web.filter.HiddenHttpMethodFilter.doFilterInternal(HiddenHttpMethodFilter.java:93) ~[spring-web-5.1.6.RELEASE.jar:5.1.6.RELEASE]
	at org.springframework.web.filter.OncePerRequestFilter.doFilter(OncePerRequestFilter.java:107) ~[spring-web-5.1.6.RELEASE.jar:5.1.6.RELEASE]
	at org.apache.catalina.core.ApplicationFilterChain.internalDoFilter(ApplicationFilterChain.java:193) ~[tomcat-embed-core-9.0.17.jar:9.0.17]
	at org.apache.catalina.core.ApplicationFilterChain.doFilter(ApplicationFilterChain.java:166) ~[tomcat-embed-core-9.0.17.jar:9.0.17]
	at org.springframework.boot.actuate.metrics.web.servlet.WebMvcMetricsFilter.filterAndRecordMetrics(WebMvcMetricsFilter.java:117) ~[spring-boot-actuator-2.1.4.RELEASE.jar:2.1.4.RELEASE]
	at org.springframework.boot.actuate.metrics.web.servlet.WebMvcMetricsFilter.doFilterInternal(WebMvcMetricsFilter.java:106) ~[spring-boot-actuator-2.1.4.RELEASE.jar:2.1.4.RELEASE]
	at org.springframework.web.filter.OncePerRequestFilter.doFilter(OncePerRequestFilter.java:107) ~[spring-web-5.1.6.RELEASE.jar:5.1.6.RELEASE]
	at org.apache.catalina.core.ApplicationFilterChain.internalDoFilter(ApplicationFilterChain.java:193) ~[tomcat-embed-core-9.0.17.jar:9.0.17]
	at org.apache.catalina.core.ApplicationFilterChain.doFilter(ApplicationFilterChain.java:166) ~[tomcat-embed-core-9.0.17.jar:9.0.17]
	at org.springframework.web.filter.CharacterEncodingFilter.doFilterInternal(CharacterEncodingFilter.java:200) ~[spring-web-5.1.6.RELEASE.jar:5.1.6.RELEASE]
	at org.springframework.web.filter.OncePerRequestFilter.doFilter(OncePerRequestFilter.java:107) ~[spring-web-5.1.6.RELEASE.jar:5.1.6.RELEASE]
	at org.apache.catalina.core.ApplicationFilterChain.internalDoFilter(ApplicationFilterChain.java:193) ~[tomcat-embed-core-9.0.17.jar:9.0.17]
	at org.apache.catalina.core.ApplicationFilterChain.doFilter(ApplicationFilterChain.java:166) ~[tomcat-embed-core-9.0.17.jar:9.0.17]
	at org.apache.catalina.core.StandardWrapperValve.invoke(StandardWrapperValve.java:200) ~[tomcat-embed-core-9.0.17.jar:9.0.17]
	at org.apache.catalina.core.StandardContextValve.invoke(StandardContextValve.java:96) ~[tomcat-embed-core-9.0.17.jar:9.0.17]
	at org.apache.catalina.authenticator.AuthenticatorBase.invoke(AuthenticatorBase.java:490) ~[tomcat-embed-core-9.0.17.jar:9.0.17]
	at org.apache.catalina.core.StandardHostValve.invoke(StandardHostValve.java:139) ~[tomcat-embed-core-9.0.17.jar:9.0.17]
	at org.apache.catalina.valves.ErrorReportValve.invoke(ErrorReportValve.java:92) ~[tomcat-embed-core-9.0.17.jar:9.0.17]
	at org.apache.catalina.core.StandardEngineValve.invoke(StandardEngineValve.java:74) ~[tomcat-embed-core-9.0.17.jar:9.0.17]
	at org.apache.catalina.connector.CoyoteAdapter.service(CoyoteAdapter.java:343) ~[tomcat-embed-core-9.0.17.jar:9.0.17]
	at org.apache.coyote.http11.Http11Processor.service(Http11Processor.java:408) ~[tomcat-embed-core-9.0.17.jar:9.0.17]
	at org.apache.coyote.AbstractProcessorLight.process(AbstractProcessorLight.java:66) ~[tomcat-embed-core-9.0.17.jar:9.0.17]
	at org.apache.coyote.AbstractProtocol$ConnectionHandler.process(AbstractProtocol.java:834) ~[tomcat-embed-core-9.0.17.jar:9.0.17]
	at org.apache.tomcat.util.net.NioEndpoint$SocketProcessor.doRun(NioEndpoint.java:1415) ~[tomcat-embed-core-9.0.17.jar:9.0.17]
	at org.apache.tomcat.util.net.SocketProcessorBase.run(SocketProcessorBase.java:49) ~[tomcat-embed-core-9.0.17.jar:9.0.17]
	at java.base/java.util.concurrent.ThreadPoolExecutor.runWorker(ThreadPoolExecutor.java:1128) ~[na:na]
	at java.base/java.util.concurrent.ThreadPoolExecutor$Worker.run(ThreadPoolExecutor.java:628) ~[na:na]
	at org.apache.tomcat.util.threads.TaskThread$WrappingRunnable.run(TaskThread.java:61) ~[tomcat-embed-core-9.0.17.jar:9.0.17]
	at java.base/java.lang.Thread.run(Thread.java:834) ~[na:na]

2019-04-08 21:27:24.682  INFO 7740 --- [Thread-8] o.s.s.concurrent.ThreadPoolTaskExecutor  : Shutting down ExecutorService 'applicationTaskExecutor'
2019-04-08 21:29:39.182  INFO 2140 --- [restartedMain] com.logbook_spring_example.Application   : Starting Application on DAVIDOS-WINDOWS with PID 2140 (C:\Users\DavidOS\IdeaProjects\logbook-spring-example\target\classes started by DavidOS in C:\Users\DavidOS\IdeaProjects\logbook-spring-example)
2019-04-08 21:29:39.187  INFO 2140 --- [restartedMain] com.logbook_spring_example.Application   : No active profile set, falling back to default profiles: default
2019-04-08 21:29:39.348  INFO 2140 --- [restartedMain] .e.DevToolsPropertyDefaultsPostProcessor : Devtools property defaults active! Set 'spring.devtools.add-properties' to 'false' to disable
2019-04-08 21:29:39.348  INFO 2140 --- [restartedMain] .e.DevToolsPropertyDefaultsPostProcessor : For additional web related logging consider setting the 'logging.level.web' property to 'DEBUG'
2019-04-08 21:29:42.890  INFO 2140 --- [restartedMain] trationDelegate$BeanPostProcessorChecker : Bean 'org.springframework.hateoas.config.HateoasConfiguration' of type [org.springframework.hateoas.config.HateoasConfiguration$$EnhancerBySpringCGLIB$$32fa74c8] is not eligible for getting processed by all BeanPostProcessors (for example: not eligible for auto-proxying)
2019-04-08 21:29:43.661  INFO 2140 --- [restartedMain] o.s.b.w.embedded.tomcat.TomcatWebServer  : Tomcat initialized with port(s): 8080 (http)
2019-04-08 21:29:43.702  INFO 2140 --- [restartedMain] o.apache.catalina.core.StandardService   : Starting service [Tomcat]
2019-04-08 21:29:43.703  INFO 2140 --- [restartedMain] org.apache.catalina.core.StandardEngine  : Starting Servlet engine: [Apache Tomcat/9.0.17]
2019-04-08 21:29:43.844  INFO 2140 --- [restartedMain] o.a.c.c.C.[Tomcat].[localhost].[/]       : Initializing Spring embedded WebApplicationContext
2019-04-08 21:29:43.844  INFO 2140 --- [restartedMain] o.s.web.context.ContextLoader            : Root WebApplicationContext: initialization completed in 4496 ms
2019-04-08 21:30:05.962  INFO 11696 --- [restartedMain] com.logbook_spring_example.Application   : Starting Application on DAVIDOS-WINDOWS with PID 11696 (C:\Users\DavidOS\IdeaProjects\logbook-spring-example\target\classes started by DavidOS in C:\Users\DavidOS\IdeaProjects\logbook-spring-example)
2019-04-08 21:30:05.969  INFO 11696 --- [restartedMain] com.logbook_spring_example.Application   : No active profile set, falling back to default profiles: default
2019-04-08 21:30:06.165  INFO 11696 --- [restartedMain] .e.DevToolsPropertyDefaultsPostProcessor : Devtools property defaults active! Set 'spring.devtools.add-properties' to 'false' to disable
2019-04-08 21:30:06.166  INFO 11696 --- [restartedMain] .e.DevToolsPropertyDefaultsPostProcessor : For additional web related logging consider setting the 'logging.level.web' property to 'DEBUG'
2019-04-08 21:30:10.436  INFO 11696 --- [restartedMain] trationDelegate$BeanPostProcessorChecker : Bean 'org.springframework.hateoas.config.HateoasConfiguration' of type [org.springframework.hateoas.config.HateoasConfiguration$$EnhancerBySpringCGLIB$$dcb84c75] is not eligible for getting processed by all BeanPostProcessors (for example: not eligible for auto-proxying)
2019-04-08 21:30:11.358  INFO 11696 --- [restartedMain] o.s.b.w.embedded.tomcat.TomcatWebServer  : Tomcat initialized with port(s): 8080 (http)
2019-04-08 21:30:11.399  INFO 11696 --- [restartedMain] o.apache.catalina.core.StandardService   : Starting service [Tomcat]
2019-04-08 21:30:11.400  INFO 11696 --- [restartedMain] org.apache.catalina.core.StandardEngine  : Starting Servlet engine: [Apache Tomcat/9.0.17]
2019-04-08 21:30:11.540  INFO 11696 --- [restartedMain] o.a.c.c.C.[Tomcat].[localhost].[/]       : Initializing Spring embedded WebApplicationContext
2019-04-08 21:30:11.541  INFO 11696 --- [restartedMain] o.s.web.context.ContextLoader            : Root WebApplicationContext: initialization completed in 5374 ms
2019-04-08 21:30:14.073  INFO 11696 --- [restartedMain] o.s.s.concurrent.ThreadPoolTaskExecutor  : Initializing ExecutorService 'applicationTaskExecutor'
2019-04-08 21:30:15.098  INFO 11696 --- [restartedMain] o.s.b.d.a.OptionalLiveReloadServer       : LiveReload server is running on port 35729
2019-04-08 21:30:15.149  INFO 11696 --- [restartedMain] o.s.b.a.e.web.EndpointLinksResolver      : Exposing 2 endpoint(s) beneath base path '/actuator'
2019-04-08 21:30:15.346  INFO 11696 --- [restartedMain] o.s.b.w.embedded.tomcat.TomcatWebServer  : Tomcat started on port(s): 8080 (http) with context path ''
2019-04-08 21:30:15.360  INFO 11696 --- [restartedMain] com.logbook_spring_example.Application   : Started Application in 10.261 seconds (JVM running for 13.222)
2019-04-08 21:30:16.595  INFO 11696 --- [RMI TCP Connection(1)-10.0.75.1] o.a.c.c.C.[Tomcat].[localhost].[/]       : Initializing Spring DispatcherServlet 'dispatcherServlet'
2019-04-08 21:30:16.596  INFO 11696 --- [RMI TCP Connection(1)-10.0.75.1] o.s.web.servlet.DispatcherServlet        : Initializing Servlet 'dispatcherServlet'
2019-04-08 21:30:16.628  INFO 11696 --- [RMI TCP Connection(1)-10.0.75.1] o.s.web.servlet.DispatcherServlet        : Completed initialization in 31 ms
2019-04-08 21:31:23.696  INFO 11696 --- [Thread-8] o.s.s.concurrent.ThreadPoolTaskExecutor  : Shutting down ExecutorService 'applicationTaskExecutor'
2019-04-08 21:31:56.104  INFO 11572 --- [restartedMain] com.logbook_spring_example.Application   : Starting Application on DAVIDOS-WINDOWS with PID 11572 (C:\Users\DavidOS\IdeaProjects\logbook-spring-example\target\classes started by DavidOS in C:\Users\DavidOS\IdeaProjects\logbook-spring-example)
2019-04-08 21:31:56.110  INFO 11572 --- [restartedMain] com.logbook_spring_example.Application   : No active profile set, falling back to default profiles: default
2019-04-08 21:31:56.309  INFO 11572 --- [restartedMain] .e.DevToolsPropertyDefaultsPostProcessor : Devtools property defaults active! Set 'spring.devtools.add-properties' to 'false' to disable
2019-04-08 21:31:56.310  INFO 11572 --- [restartedMain] .e.DevToolsPropertyDefaultsPostProcessor : For additional web related logging consider setting the 'logging.level.web' property to 'DEBUG'
2019-04-08 21:31:59.295  INFO 11572 --- [restartedMain] trationDelegate$BeanPostProcessorChecker : Bean 'org.springframework.hateoas.config.HateoasConfiguration' of type [org.springframework.hateoas.config.HateoasConfiguration$$EnhancerBySpringCGLIB$$ba64d6ea] is not eligible for getting processed by all BeanPostProcessors (for example: not eligible for auto-proxying)
2019-04-08 21:32:00.133  INFO 11572 --- [restartedMain] o.s.b.w.embedded.tomcat.TomcatWebServer  : Tomcat initialized with port(s): 8080 (http)
2019-04-08 21:32:00.174  INFO 11572 --- [restartedMain] o.apache.catalina.core.StandardService   : Starting service [Tomcat]
2019-04-08 21:32:00.175  INFO 11572 --- [restartedMain] org.apache.catalina.core.StandardEngine  : Starting Servlet engine: [Apache Tomcat/9.0.17]
2019-04-08 21:32:00.307  INFO 11572 --- [restartedMain] o.a.c.c.C.[Tomcat].[localhost].[/]       : Initializing Spring embedded WebApplicationContext
2019-04-08 21:32:00.307  INFO 11572 --- [restartedMain] o.s.web.context.ContextLoader            : Root WebApplicationContext: initialization completed in 3997 ms
2019-04-08 21:32:02.884  INFO 11572 --- [restartedMain] o.s.s.concurrent.ThreadPoolTaskExecutor  : Initializing ExecutorService 'applicationTaskExecutor'
2019-04-08 21:32:03.796  INFO 11572 --- [restartedMain] o.s.b.d.a.OptionalLiveReloadServer       : LiveReload server is running on port 35729
2019-04-08 21:32:03.841  INFO 11572 --- [restartedMain] o.s.b.a.e.web.EndpointLinksResolver      : Exposing 2 endpoint(s) beneath base path '/actuator'
2019-04-08 21:32:04.051  INFO 11572 --- [restartedMain] o.s.b.w.embedded.tomcat.TomcatWebServer  : Tomcat started on port(s): 8080 (http) with context path ''
2019-04-08 21:32:04.064  INFO 11572 --- [restartedMain] com.logbook_spring_example.Application   : Started Application in 9.163 seconds (JVM running for 14.998)
2019-04-08 21:32:05.399  INFO 11572 --- [RMI TCP Connection(1)-10.0.75.1] o.a.c.c.C.[Tomcat].[localhost].[/]       : Initializing Spring DispatcherServlet 'dispatcherServlet'
2019-04-08 21:32:05.401  INFO 11572 --- [RMI TCP Connection(1)-10.0.75.1] o.s.web.servlet.DispatcherServlet        : Initializing Servlet 'dispatcherServlet'
2019-04-08 21:32:05.452  INFO 11572 --- [RMI TCP Connection(1)-10.0.75.1] o.s.web.servlet.DispatcherServlet        : Completed initialization in 50 ms
2019-04-08 21:32:19.111 TRACE 11572 --- [http-nio-8080-exec-1] org.zalando.logbook.Logbook              : Incoming Request: ff537fc887329c93
GET http://localhost:8080/actuator/httpstatus HTTP/1.1
host: localhost:8080
connection: keep-alive
accept-encoding: gzip, deflate
accept: */*
user-agent: HTTPie/0.9.2
2019-04-08 21:32:19.146 TRACE 11572 --- [http-nio-8080-exec-1] org.zalando.logbook.Logbook              : Outgoing Response: ff537fc887329c93
Duration: 46 ms
HTTP/1.1 404 Not Found
2019-04-08 21:32:19.158 TRACE 11572 --- [http-nio-8080-exec-1] org.zalando.logbook.Logbook              : Incoming Request: ba165ecd90d2cf57
GET http://localhost:8080/error HTTP/1.1
host: localhost:8080
connection: keep-alive
accept-encoding: gzip, deflate
accept: */*
user-agent: HTTPie/0.9.2
2019-04-08 21:32:19.209 TRACE 11572 --- [http-nio-8080-exec-1] org.zalando.logbook.Logbook              : Outgoing Response: ba165ecd90d2cf57
Duration: 51 ms
HTTP/1.1 404 Not Found
Transfer-Encoding: chunked
Date: Mon, 08 Apr 2019 18:32:19 GMT
Content-Type: application/hal+json;charset=UTF-8

{"timestamp":"2019-04-08T18:32:19.173+0000","status":404,"error":"Not Found","message":"No message available","path":"/actuator/httpstatus"}
2019-04-08 21:32:24.753 TRACE 11572 --- [http-nio-8080-exec-3] org.zalando.logbook.Logbook              : Incoming Request: f5bfdb75f5a2beda
GET http://localhost:8080/actuator/info HTTP/1.1
host: localhost:8080
connection: keep-alive
accept-encoding: gzip, deflate
accept: */*
user-agent: HTTPie/0.9.2
2019-04-08 21:32:24.774 TRACE 11572 --- [http-nio-8080-exec-3] org.zalando.logbook.Logbook              : Outgoing Response: f5bfdb75f5a2beda
Duration: 19 ms
HTTP/1.1 200 OK
Transfer-Encoding: chunked
Date: Mon, 08 Apr 2019 18:32:24 GMT
Content-Type: application/vnd.spring-boot.actuator.v2+json;charset=UTF-8

{}
2019-04-08 21:32:36.941 TRACE 11572 --- [http-nio-8080-exec-4] org.zalando.logbook.Logbook              : Incoming Request: 9eb50de31f8b73e4
GET http://localhost:8080/actuator/metrics HTTP/1.1
host: localhost:8080
connection: keep-alive
accept-encoding: gzip, deflate
accept: */*
user-agent: HTTPie/0.9.2
2019-04-08 21:32:36.950 TRACE 11572 --- [http-nio-8080-exec-4] org.zalando.logbook.Logbook              : Outgoing Response: 9eb50de31f8b73e4
Duration: 11 ms
HTTP/1.1 404 Not Found
2019-04-08 21:32:36.952 TRACE 11572 --- [http-nio-8080-exec-4] org.zalando.logbook.Logbook              : Incoming Request: d932330be7a119a6
GET http://localhost:8080/error HTTP/1.1
host: localhost:8080
connection: keep-alive
accept-encoding: gzip, deflate
accept: */*
user-agent: HTTPie/0.9.2
2019-04-08 21:32:36.956 TRACE 11572 --- [http-nio-8080-exec-4] org.zalando.logbook.Logbook              : Outgoing Response: d932330be7a119a6
Duration: 4 ms
HTTP/1.1 404 Not Found
Transfer-Encoding: chunked
Date: Mon, 08 Apr 2019 18:32:36 GMT
Content-Type: application/hal+json;charset=UTF-8

{"timestamp":"2019-04-08T18:32:36.955+0000","status":404,"error":"Not Found","message":"No message available","path":"/actuator/metrics"}
2019-04-08 21:33:30.126 TRACE 11572 --- [http-nio-8080-exec-7] org.zalando.logbook.Logbook              : Incoming Request: d50dc7072272262f
GET http://localhost:8080/actuator HTTP/1.1
host: localhost:8080
connection: keep-alive
accept-encoding: gzip, deflate
accept: */*
user-agent: HTTPie/0.9.2
2019-04-08 21:33:30.134 TRACE 11572 --- [http-nio-8080-exec-7] org.zalando.logbook.Logbook              : Outgoing Response: d50dc7072272262f
Duration: 6 ms
HTTP/1.1 200 OK
Transfer-Encoding: chunked
Date: Mon, 08 Apr 2019 18:33:30 GMT
Content-Type: application/vnd.spring-boot.actuator.v2+json;charset=UTF-8

{"_links":{"self":{"href":"http://localhost:8080/actuator","templated":false},"health-component":{"href":"http://localhost:8080/actuator/health/{component}","templated":true},"health":{"href":"http://localhost:8080/actuator/health","templated":false},"health-component-instance":{"href":"http://localhost:8080/actuator/health/{component}/{instance}","templated":true},"info":{"href":"http://localhost:8080/actuator/info","templated":false}}}
2019-04-08 21:33:39.194 TRACE 11572 --- [http-nio-8080-exec-9] org.zalando.logbook.Logbook              : Incoming Request: d09f54420d097834
GET http://localhost:8080/actuator/health HTTP/1.1
host: localhost:8080
connection: keep-alive
accept-encoding: gzip, deflate
accept: */*
user-agent: HTTPie/0.9.2
2019-04-08 21:33:39.202 TRACE 11572 --- [http-nio-8080-exec-9] org.zalando.logbook.Logbook              : Outgoing Response: d09f54420d097834
Duration: 8 ms
HTTP/1.1 200 OK
Transfer-Encoding: chunked
Date: Mon, 08 Apr 2019 18:33:39 GMT
Content-Type: application/vnd.spring-boot.actuator.v2+json;charset=UTF-8

{"status":"UP"}
2019-04-08 21:34:06.357 TRACE 11572 --- [http-nio-8080-exec-1] org.zalando.logbook.Logbook              : Incoming Request: b291f8eb91f69afe
POST http://localhost:8080/api/v1/echo HTTP/1.1
content-length: 44
host: localhost:8080
connection: keep-alive
content-type: application/json
accept-encoding: gzip, deflate
accept: application/json
user-agent: HTTPie/0.9.2

{"name": "David", "last_name": "Arutiunian"}
2019-04-08 21:34:06.372 TRACE 11572 --- [http-nio-8080-exec-1] org.zalando.logbook.Logbook              : Outgoing Response: b291f8eb91f69afe
Duration: 16 ms
HTTP/1.1 200 OK
Transfer-Encoding: chunked
Date: Mon, 08 Apr 2019 18:34:06 GMT
Content-Type: application/json;charset=UTF-8

{"name":"David","last_name":"Arutiunian"}
2019-04-08 21:34:26.393 TRACE 11572 --- [http-nio-8080-exec-3] org.zalando.logbook.Logbook              : Incoming Request: c21f04b4ef1b1b85
POST http://localhost:8080/api/v1/echo HTTP/1.1
content-length: 16
host: localhost:8080
connection: keep-alive
content-type: application/json
accept-encoding: gzip, deflate
accept: application/json
user-agent: HTTPie/0.9.2

{"very": "very"}
2019-04-08 21:34:26.397 TRACE 11572 --- [http-nio-8080-exec-3] org.zalando.logbook.Logbook              : Outgoing Response: c21f04b4ef1b1b85
Duration: 4 ms
HTTP/1.1 200 OK
Transfer-Encoding: chunked
Date: Mon, 08 Apr 2019 18:34:26 GMT
Content-Type: application/json;charset=UTF-8

{"very":"very"}
2019-04-08 21:34:51.218 TRACE 11572 --- [http-nio-8080-exec-4] org.zalando.logbook.Logbook              : Incoming Request: bfbb896e03e35cbd
GET http://localhost:8080/actuator/beans HTTP/1.1
host: localhost:8080
connection: keep-alive
accept-encoding: gzip, deflate
accept: */*
user-agent: HTTPie/0.9.2
2019-04-08 21:34:51.225 TRACE 11572 --- [http-nio-8080-exec-4] org.zalando.logbook.Logbook              : Outgoing Response: bfbb896e03e35cbd
Duration: 7 ms
HTTP/1.1 404 Not Found
2019-04-08 21:34:51.227 TRACE 11572 --- [http-nio-8080-exec-4] org.zalando.logbook.Logbook              : Incoming Request: b981b2e65a922c9d
GET http://localhost:8080/error HTTP/1.1
host: localhost:8080
connection: keep-alive
accept-encoding: gzip, deflate
accept: */*
user-agent: HTTPie/0.9.2
2019-04-08 21:34:51.230 TRACE 11572 --- [http-nio-8080-exec-4] org.zalando.logbook.Logbook              : Outgoing Response: b981b2e65a922c9d
Duration: 3 ms
HTTP/1.1 404 Not Found
Transfer-Encoding: chunked
Date: Mon, 08 Apr 2019 18:34:51 GMT
Content-Type: application/hal+json;charset=UTF-8

{"timestamp":"2019-04-08T18:34:51.228+0000","status":404,"error":"Not Found","message":"No message available","path":"/actuator/beans"}
2019-04-08 21:34:59.686 TRACE 11572 --- [http-nio-8080-exec-7] org.zalando.logbook.Logbook              : Incoming Request: 8ec8cf2f6bbda8c5
GET http://localhost:8080/actuator/ HTTP/1.1
host: localhost:8080
connection: keep-alive
accept-encoding: gzip, deflate
accept: */*
user-agent: HTTPie/0.9.2
2019-04-08 21:34:59.689 TRACE 11572 --- [http-nio-8080-exec-7] org.zalando.logbook.Logbook              : Outgoing Response: 8ec8cf2f6bbda8c5
Duration: 3 ms
HTTP/1.1 200 OK
Transfer-Encoding: chunked
Date: Mon, 08 Apr 2019 18:34:59 GMT
Content-Type: application/vnd.spring-boot.actuator.v2+json;charset=UTF-8

{"_links":{"self":{"href":"http://localhost:8080/actuator","templated":false},"health-component":{"href":"http://localhost:8080/actuator/health/{component}","templated":true},"health":{"href":"http://localhost:8080/actuator/health","templated":false},"health-component-instance":{"href":"http://localhost:8080/actuator/health/{component}/{instance}","templated":true},"info":{"href":"http://localhost:8080/actuator/info","templated":false}}}
2019-04-08 21:35:02.043 TRACE 11572 --- [http-nio-8080-exec-9] org.zalando.logbook.Logbook              : Incoming Request: ba05cedac9848416
GET http://localhost:8080/actuator/httptrace HTTP/1.1
host: localhost:8080
connection: keep-alive
accept-encoding: gzip, deflate
accept: */*
user-agent: HTTPie/0.9.2
2019-04-08 21:35:02.050 TRACE 11572 --- [http-nio-8080-exec-9] org.zalando.logbook.Logbook              : Outgoing Response: ba05cedac9848416
Duration: 6 ms
HTTP/1.1 404 Not Found
2019-04-08 21:35:02.051 TRACE 11572 --- [http-nio-8080-exec-9] org.zalando.logbook.Logbook              : Incoming Request: c2c67195a7e79910
GET http://localhost:8080/error HTTP/1.1
host: localhost:8080
connection: keep-alive
accept-encoding: gzip, deflate
accept: */*
user-agent: HTTPie/0.9.2
2019-04-08 21:35:02.056 TRACE 11572 --- [http-nio-8080-exec-9] org.zalando.logbook.Logbook              : Outgoing Response: c2c67195a7e79910
Duration: 5 ms
HTTP/1.1 404 Not Found
Transfer-Encoding: chunked
Date: Mon, 08 Apr 2019 18:35:02 GMT
Content-Type: application/hal+json;charset=UTF-8

{"timestamp":"2019-04-08T18:35:02.053+0000","status":404,"error":"Not Found","message":"No message available","path":"/actuator/httptrace"}
2019-04-08 21:35:23.394  INFO 11572 --- [Thread-8] o.s.s.concurrent.ThreadPoolTaskExecutor  : Shutting down ExecutorService 'applicationTaskExecutor'
2019-04-08 21:37:41.159  INFO 7112 --- [restartedMain] com.logbook_spring_example.Application   : Starting Application on DAVIDOS-WINDOWS with PID 7112 (C:\Users\DavidOS\IdeaProjects\logbook-spring-example\target\classes started by DavidOS in C:\Users\DavidOS\IdeaProjects\logbook-spring-example)
2019-04-08 21:37:41.166  INFO 7112 --- [restartedMain] com.logbook_spring_example.Application   : No active profile set, falling back to default profiles: default
2019-04-08 21:37:41.290  INFO 7112 --- [restartedMain] .e.DevToolsPropertyDefaultsPostProcessor : Devtools property defaults active! Set 'spring.devtools.add-properties' to 'false' to disable
2019-04-08 21:37:41.290  INFO 7112 --- [restartedMain] .e.DevToolsPropertyDefaultsPostProcessor : For additional web related logging consider setting the 'logging.level.web' property to 'DEBUG'
2019-04-08 21:37:44.785  INFO 7112 --- [restartedMain] trationDelegate$BeanPostProcessorChecker : Bean 'org.springframework.hateoas.config.HateoasConfiguration' of type [org.springframework.hateoas.config.HateoasConfiguration$$EnhancerBySpringCGLIB$$39074199] is not eligible for getting processed by all BeanPostProcessors (for example: not eligible for auto-proxying)
2019-04-08 21:37:45.875  INFO 7112 --- [restartedMain] o.s.b.w.embedded.tomcat.TomcatWebServer  : Tomcat initialized with port(s): 8080 (http)
2019-04-08 21:37:45.933  INFO 7112 --- [restartedMain] o.apache.catalina.core.StandardService   : Starting service [Tomcat]
2019-04-08 21:37:45.934  INFO 7112 --- [restartedMain] org.apache.catalina.core.StandardEngine  : Starting Servlet engine: [Apache Tomcat/9.0.17]
2019-04-08 21:37:46.138  INFO 7112 --- [restartedMain] o.a.c.c.C.[Tomcat].[localhost].[/]       : Initializing Spring embedded WebApplicationContext
2019-04-08 21:37:46.138  INFO 7112 --- [restartedMain] o.s.web.context.ContextLoader            : Root WebApplicationContext: initialization completed in 4848 ms
2019-04-08 21:37:50.019  INFO 7112 --- [restartedMain] o.s.s.concurrent.ThreadPoolTaskExecutor  : Initializing ExecutorService 'applicationTaskExecutor'
2019-04-08 21:37:51.075  INFO 7112 --- [restartedMain] o.s.b.d.a.OptionalLiveReloadServer       : LiveReload server is running on port 35729
2019-04-08 21:37:51.120  INFO 7112 --- [restartedMain] o.s.b.a.e.web.EndpointLinksResolver      : Exposing 2 endpoint(s) beneath base path '/actuator'
2019-04-08 21:37:51.304  INFO 7112 --- [restartedMain] o.s.b.w.embedded.tomcat.TomcatWebServer  : Tomcat started on port(s): 8080 (http) with context path ''
2019-04-08 21:37:51.313  INFO 7112 --- [restartedMain] com.logbook_spring_example.Application   : Started Application in 11.162 seconds (JVM running for 14.485)
2019-04-08 21:37:52.266  INFO 7112 --- [RMI TCP Connection(2)-10.0.75.1] o.a.c.c.C.[Tomcat].[localhost].[/]       : Initializing Spring DispatcherServlet 'dispatcherServlet'
2019-04-08 21:37:52.270  INFO 7112 --- [RMI TCP Connection(2)-10.0.75.1] o.s.web.servlet.DispatcherServlet        : Initializing Servlet 'dispatcherServlet'
2019-04-08 21:37:52.324  INFO 7112 --- [RMI TCP Connection(2)-10.0.75.1] o.s.web.servlet.DispatcherServlet        : Completed initialization in 54 ms
2019-04-08 21:38:04.144 TRACE 7112 --- [http-nio-8080-exec-1] org.zalando.logbook.Logbook              : Incoming Request: d132d72ce9f62521
GET http://localhost:8080/api/v1/index HTTP/1.1
host: localhost:8080
connection: keep-alive
accept-encoding: gzip, deflate
accept: */*
user-agent: HTTPie/0.9.2
2019-04-08 21:38:04.179 TRACE 7112 --- [http-nio-8080-exec-1] org.zalando.logbook.Logbook              : Outgoing Response: d132d72ce9f62521
Duration: 45 ms
HTTP/1.1 404 Not Found
2019-04-08 21:38:04.189 TRACE 7112 --- [http-nio-8080-exec-1] org.zalando.logbook.Logbook              : Incoming Request: f56dc32f62c44221
GET http://localhost:8080/error HTTP/1.1
host: localhost:8080
connection: keep-alive
accept-encoding: gzip, deflate
accept: */*
user-agent: HTTPie/0.9.2
2019-04-08 21:38:04.243 TRACE 7112 --- [http-nio-8080-exec-1] org.zalando.logbook.Logbook              : Outgoing Response: f56dc32f62c44221
Duration: 53 ms
HTTP/1.1 404 Not Found
Transfer-Encoding: chunked
Date: Mon, 08 Apr 2019 18:38:04 GMT
Content-Type: application/hal+json;charset=UTF-8

{"timestamp":"2019-04-08T18:38:04.204+0000","status":404,"error":"Not Found","message":"No message available","path":"/api/v1/index"}
2019-04-08 21:38:07.154 TRACE 7112 --- [http-nio-8080-exec-2] org.zalando.logbook.Logbook              : Incoming Request: f7d508640d9cacb3
GET http://localhost:8080/api/v1 HTTP/1.1
host: localhost:8080
connection: keep-alive
accept-encoding: gzip, deflate
accept: */*
user-agent: HTTPie/0.9.2
2019-04-08 21:38:07.162 TRACE 7112 --- [http-nio-8080-exec-2] org.zalando.logbook.Logbook              : Outgoing Response: f7d508640d9cacb3
Duration: 8 ms
HTTP/1.1 404 Not Found
2019-04-08 21:38:07.164 TRACE 7112 --- [http-nio-8080-exec-2] org.zalando.logbook.Logbook              : Incoming Request: dbeb95f0f4bec8cb
GET http://localhost:8080/error HTTP/1.1
host: localhost:8080
connection: keep-alive
accept-encoding: gzip, deflate
accept: */*
user-agent: HTTPie/0.9.2
2019-04-08 21:38:07.170 TRACE 7112 --- [http-nio-8080-exec-2] org.zalando.logbook.Logbook              : Outgoing Response: dbeb95f0f4bec8cb
Duration: 6 ms
HTTP/1.1 404 Not Found
Transfer-Encoding: chunked
Date: Mon, 08 Apr 2019 18:38:07 GMT
Content-Type: application/hal+json;charset=UTF-8

{"timestamp":"2019-04-08T18:38:07.167+0000","status":404,"error":"Not Found","message":"No message available","path":"/api/v1"}
2019-04-08 21:38:11.897 TRACE 7112 --- [http-nio-8080-exec-3] org.zalando.logbook.Logbook              : Incoming Request: 93c241c92d5934d6
GET http://localhost:8080/api/v1/ HTTP/1.1
host: localhost:8080
connection: keep-alive
accept-encoding: gzip, deflate
accept: */*
user-agent: HTTPie/0.9.2
2019-04-08 21:38:11.904 TRACE 7112 --- [http-nio-8080-exec-3] org.zalando.logbook.Logbook              : Outgoing Response: 93c241c92d5934d6
Duration: 7 ms
HTTP/1.1 200 OK
Content-Length: 11
Date: Mon, 08 Apr 2019 18:38:11 GMT
Content-Type: text/plain;charset=UTF-8

I am alive!
2019-04-08 21:38:25.957  INFO 7112 --- [Thread-8] o.s.s.concurrent.ThreadPoolTaskExecutor  : Shutting down ExecutorService 'applicationTaskExecutor'
2019-04-08 21:38:37.796  INFO 1752 --- [restartedMain] com.logbook_spring_example.Application   : Starting Application on DAVIDOS-WINDOWS with PID 1752 (C:\Users\DavidOS\IdeaProjects\logbook-spring-example\target\classes started by DavidOS in C:\Users\DavidOS\IdeaProjects\logbook-spring-example)
2019-04-08 21:38:37.802  INFO 1752 --- [restartedMain] com.logbook_spring_example.Application   : No active profile set, falling back to default profiles: default
2019-04-08 21:38:38.010  INFO 1752 --- [restartedMain] .e.DevToolsPropertyDefaultsPostProcessor : Devtools property defaults active! Set 'spring.devtools.add-properties' to 'false' to disable
2019-04-08 21:38:38.011  INFO 1752 --- [restartedMain] .e.DevToolsPropertyDefaultsPostProcessor : For additional web related logging consider setting the 'logging.level.web' property to 'DEBUG'
2019-04-08 21:38:41.203  INFO 1752 --- [restartedMain] trationDelegate$BeanPostProcessorChecker : Bean 'org.springframework.hateoas.config.HateoasConfiguration' of type [org.springframework.hateoas.config.HateoasConfiguration$$EnhancerBySpringCGLIB$$f37fa857] is not eligible for getting processed by all BeanPostProcessors (for example: not eligible for auto-proxying)
2019-04-08 21:38:42.097  INFO 1752 --- [restartedMain] o.s.b.w.embedded.tomcat.TomcatWebServer  : Tomcat initialized with port(s): 8080 (http)
2019-04-08 21:38:42.143  INFO 1752 --- [restartedMain] o.apache.catalina.core.StandardService   : Starting service [Tomcat]
2019-04-08 21:38:42.144  INFO 1752 --- [restartedMain] org.apache.catalina.core.StandardEngine  : Starting Servlet engine: [Apache Tomcat/9.0.17]
2019-04-08 21:38:42.286  INFO 1752 --- [restartedMain] o.a.c.c.C.[Tomcat].[localhost].[/]       : Initializing Spring embedded WebApplicationContext
2019-04-08 21:38:42.287  INFO 1752 --- [restartedMain] o.s.web.context.ContextLoader            : Root WebApplicationContext: initialization completed in 4276 ms
2019-04-08 21:38:45.030  INFO 1752 --- [restartedMain] o.s.s.concurrent.ThreadPoolTaskExecutor  : Initializing ExecutorService 'applicationTaskExecutor'
2019-04-08 21:38:45.917  INFO 1752 --- [restartedMain] o.s.b.d.a.OptionalLiveReloadServer       : LiveReload server is running on port 35729
2019-04-08 21:38:45.968  INFO 1752 --- [restartedMain] o.s.b.a.e.web.EndpointLinksResolver      : Exposing 2 endpoint(s) beneath base path '/actuator'
2019-04-08 21:38:46.162  INFO 1752 --- [restartedMain] o.s.b.w.embedded.tomcat.TomcatWebServer  : Tomcat started on port(s): 8080 (http) with context path ''
2019-04-08 21:38:46.174  INFO 1752 --- [restartedMain] com.logbook_spring_example.Application   : Started Application in 9.388 seconds (JVM running for 12.853)
2019-04-08 21:38:47.476  INFO 1752 --- [RMI TCP Connection(2)-10.0.75.1] o.a.c.c.C.[Tomcat].[localhost].[/]       : Initializing Spring DispatcherServlet 'dispatcherServlet'
2019-04-08 21:38:47.478  INFO 1752 --- [RMI TCP Connection(2)-10.0.75.1] o.s.web.servlet.DispatcherServlet        : Initializing Servlet 'dispatcherServlet'
2019-04-08 21:38:47.518  INFO 1752 --- [RMI TCP Connection(2)-10.0.75.1] o.s.web.servlet.DispatcherServlet        : Completed initialization in 39 ms
2019-04-08 21:38:56.884 TRACE 1752 --- [http-nio-8080-exec-1] org.zalando.logbook.Logbook              : Incoming Request: d7ed3a9d3808f363
GET http://localhost:8080/api/v1 HTTP/1.1
host: localhost:8080
connection: keep-alive
accept-encoding: gzip, deflate
accept: */*
user-agent: HTTPie/0.9.2
2019-04-08 21:38:56.945 TRACE 1752 --- [http-nio-8080-exec-1] org.zalando.logbook.Logbook              : Outgoing Response: d7ed3a9d3808f363
Duration: 70 ms
HTTP/1.1 200 OK
Content-Length: 11
Date: Mon, 08 Apr 2019 18:38:56 GMT
Content-Type: text/plain;charset=UTF-8

I am alive!
2019-04-08 21:38:59.396 TRACE 1752 --- [http-nio-8080-exec-2] org.zalando.logbook.Logbook              : Incoming Request: fdc684bb5365c74b
GET http://localhost:8080/api/v1/ HTTP/1.1
host: localhost:8080
connection: keep-alive
accept-encoding: gzip, deflate
accept: */*
user-agent: HTTPie/0.9.2
2019-04-08 21:38:59.402 TRACE 1752 --- [http-nio-8080-exec-2] org.zalando.logbook.Logbook              : Outgoing Response: fdc684bb5365c74b
Duration: 5 ms
HTTP/1.1 200 OK
Content-Length: 11
Date: Mon, 08 Apr 2019 18:38:59 GMT
Content-Type: text/plain;charset=UTF-8

I am alive!
2019-04-08 21:39:09.031 TRACE 1752 --- [http-nio-8080-exec-3] org.zalando.logbook.Logbook              : Incoming Request: 9dae9cf6553bbeaf
POST http://localhost:8080/api/v1/echo HTTP/1.1
content-length: 21
host: localhost:8080
connection: keep-alive
content-type: application/json
accept-encoding: gzip, deflate
accept: application/json
user-agent: HTTPie/0.9.2

{"password": "qwery"}
2019-04-08 21:39:09.076 TRACE 1752 --- [http-nio-8080-exec-3] org.zalando.logbook.Logbook              : Outgoing Response: 9dae9cf6553bbeaf
Duration: 45 ms
HTTP/1.1 200 OK
Transfer-Encoding: chunked
Date: Mon, 08 Apr 2019 18:39:09 GMT
Content-Type: application/json;charset=UTF-8

{"password":"qwery"}
2019-04-08 21:39:12.688 TRACE 1752 --- [http-nio-8080-exec-6] org.zalando.logbook.Logbook              : Incoming Request: d8afe017cad68de6
POST http://localhost:8080/api/v1/echo HTTP/1.1
content-length: 22
host: localhost:8080
connection: keep-alive
content-type: application/json
accept-encoding: gzip, deflate
accept: application/json
user-agent: HTTPie/0.9.2

{"password": "qwerty"}
2019-04-08 21:39:12.692 TRACE 1752 --- [http-nio-8080-exec-6] org.zalando.logbook.Logbook              : Outgoing Response: d8afe017cad68de6
Duration: 4 ms
HTTP/1.1 200 OK
Transfer-Encoding: chunked
Date: Mon, 08 Apr 2019 18:39:12 GMT
Content-Type: application/json;charset=UTF-8

{"password":"qwerty"}
2019-04-08 21:40:07.227 TRACE 1752 --- [http-nio-8080-exec-8] org.zalando.logbook.Logbook              : Incoming Request: e0b843e006901706
GET http://localhost:8080/api/v1/echo HTTP/1.1
authorization: Bearer
host: localhost:8080
connection: keep-alive
accept-encoding: gzip, deflate
accept: */*
user-agent: HTTPie/0.9.2
2019-04-08 21:40:07.233  WARN 1752 --- [http-nio-8080-exec-8] .w.s.m.s.DefaultHandlerExceptionResolver : Resolved [org.springframework.web.HttpRequestMethodNotSupportedException: Request method 'GET' not supported]
2019-04-08 21:40:07.235 TRACE 1752 --- [http-nio-8080-exec-8] org.zalando.logbook.Logbook              : Outgoing Response: e0b843e006901706
Duration: 9 ms
HTTP/1.1 405 Method Not Allowed
Allow: POST
2019-04-08 21:40:07.240 TRACE 1752 --- [http-nio-8080-exec-8] org.zalando.logbook.Logbook              : Incoming Request: 8d0eda01ab7e5fdb
GET http://localhost:8080/error HTTP/1.1
authorization: Bearer
host: localhost:8080
connection: keep-alive
accept-encoding: gzip, deflate
accept: */*
user-agent: HTTPie/0.9.2
2019-04-08 21:40:07.259 TRACE 1752 --- [http-nio-8080-exec-8] org.zalando.logbook.Logbook              : Outgoing Response: 8d0eda01ab7e5fdb
Duration: 17 ms
HTTP/1.1 405 Method Not Allowed
Transfer-Encoding: chunked
Date: Mon, 08 Apr 2019 18:40:07 GMT
Allow: POST
Content-Type: application/json;charset=UTF-8

{"timestamp":"2019-04-08T18:40:07.246+0000","status":405,"error":"Method Not Allowed","message":"Request method 'GET' not supported","trace":"org.springframework.web.HttpRequestMethodNotSupportedException: Request method 'GET' not supported\r\n\tat org.springframework.web.servlet.mvc.method.RequestMappingInfoHandlerMapping.handleNoMatch(RequestMappingInfoHandlerMapping.java:200)\r\n\tat org.springframework.web.servlet.handler.AbstractHandlerMethodMapping.lookupHandlerMethod(AbstractHandlerMethodMapping.java:419)\r\n\tat org.springframework.web.servlet.handler.AbstractHandlerMethodMapping.getHandlerInternal(AbstractHandlerMethodMapping.java:365)\r\n\tat org.springframework.web.servlet.handler.AbstractHandlerMethodMapping.getHandlerInternal(AbstractHandlerMethodMapping.java:65)\r\n\tat 
2019-04-08 21:40:07.260 TRACE 1752 --- [http-nio-8080-exec-8] org.zalando.logbook.Logbook              : org.springframework.web.servlet.handler.AbstractHandlerMapping.getHandler(AbstractHandlerMapping.java:401)\r\n\tat org.springframework.web.servlet.DispatcherServlet.getHandler(DispatcherServlet.java:1231)\r\n\tat org.springframework.web.servlet.DispatcherServlet.doDispatch(DispatcherServlet.java:1014)\r\n\tat org.springframework.web.servlet.DispatcherServlet.doService(DispatcherServlet.java:942)\r\n\tat org.springframework.web.servlet.FrameworkServlet.processRequest(FrameworkServlet.java:1005)\r\n\tat org.springframework.web.servlet.FrameworkServlet.doGet(FrameworkServlet.java:897)\r\n\tat javax.servlet.http.HttpServlet.service(HttpServlet.java:634)\r\n\tat org.springframework.web.servlet.FrameworkServlet.service(FrameworkServlet.java:882)\r\n\tat javax.servlet.http.HttpServlet.service(HttpServlet.java:741)\r\n\tat org.apache.catalina.core.ApplicationFilterChain.internalDoFilter(ApplicationFilterChain.java:231)\r\n\tat org.apache.catalina.core.ApplicationFilterChain.doFilter(Applicatio
2019-04-08 21:40:07.260 TRACE 1752 --- [http-nio-8080-exec-8] org.zalando.logbook.Logbook              : nFilterChain.java:166)\r\n\tat org.apache.tomcat.websocket.server.WsFilter.doFilter(WsFilter.java:53)\r\n\tat org.apache.catalina.core.ApplicationFilterChain.internalDoFilter(ApplicationFilterChain.java:193)\r\n\tat org.apache.catalina.core.ApplicationFilterChain.doFilter(ApplicationFilterChain.java:166)\r\n\tat org.zalando.logbook.servlet.NormalStrategy.doFilter(NormalStrategy.java:38)\r\n\tat org.zalando.logbook.servlet.LogbookFilter.doFilter(LogbookFilter.java:39)\r\n\tat org.zalando.logbook.servlet.HttpFilter.doFilter(HttpFilter.java:31)\r\n\tat org.apache.catalina.core.ApplicationFilterChain.internalDoFilter(ApplicationFilterChain.java:193)\r\n\tat org.apache.catalina.core.ApplicationFilterChain.doFilter(ApplicationFilterChain.java:166)\r\n\tat org.springframework.boot.actuate.web.trace.servlet.HttpTraceFilter.doFilterInternal(HttpTraceFilter.java:90)\r\n\tat org.springframework.web.filter.OncePerRequestFilter.doFilter(OncePerRequestFilter.java:107)\r\n\tat org.apache.catalina.cor
2019-04-08 21:40:07.261 TRACE 1752 --- [http-nio-8080-exec-8] org.zalando.logbook.Logbook              : e.ApplicationFilterChain.internalDoFilter(ApplicationFilterChain.java:193)\r\n\tat org.apache.catalina.core.ApplicationFilterChain.doFilter(ApplicationFilterChain.java:166)\r\n\tat org.springframework.web.filter.RequestContextFilter.doFilterInternal(RequestContextFilter.java:99)\r\n\tat org.springframework.web.filter.OncePerRequestFilter.doFilter(OncePerRequestFilter.java:107)\r\n\tat org.apache.catalina.core.ApplicationFilterChain.internalDoFilter(ApplicationFilterChain.java:193)\r\n\tat org.apache.catalina.core.ApplicationFilterChain.doFilter(ApplicationFilterChain.java:166)\r\n\tat org.springframework.web.filter.FormContentFilter.doFilterInternal(FormContentFilter.java:92)\r\n\tat org.springframework.web.filter.OncePerRequestFilter.doFilter(OncePerRequestFilter.java:107)\r\n\tat org.apache.catalina.core.ApplicationFilterChain.internalDoFilter(ApplicationFilterChain.java:193)\r\n\tat org.apache.catalina.core.ApplicationFilterChain.doFilter(ApplicationFilterChain.java:166)\r\n\tat 
2019-04-08 21:40:07.261 TRACE 1752 --- [http-nio-8080-exec-8] org.zalando.logbook.Logbook              : org.springframework.web.filter.HiddenHttpMethodFilter.doFilterInternal(HiddenHttpMethodFilter.java:93)\r\n\tat org.springframework.web.filter.OncePerRequestFilter.doFilter(OncePerRequestFilter.java:107)\r\n\tat org.apache.catalina.core.ApplicationFilterChain.internalDoFilter(ApplicationFilterChain.java:193)\r\n\tat org.apache.catalina.core.ApplicationFilterChain.doFilter(ApplicationFilterChain.java:166)\r\n\tat org.springframework.boot.actuate.metrics.web.servlet.WebMvcMetricsFilter.filterAndRecordMetrics(WebMvcMetricsFilter.java:117)\r\n\tat org.springframework.boot.actuate.metrics.web.servlet.WebMvcMetricsFilter.doFilterInternal(WebMvcMetricsFilter.java:106)\r\n\tat org.springframework.web.filter.OncePerRequestFilter.doFilter(OncePerRequestFilter.java:107)\r\n\tat org.apache.catalina.core.ApplicationFilterChain.internalDoFilter(ApplicationFilterChain.java:193)\r\n\tat org.apache.catalina.core.ApplicationFilterChain.doFilter(ApplicationFilterChain.java:166)\r\n\tat org.springframework
2019-04-08 21:40:07.261 TRACE 1752 --- [http-nio-8080-exec-8] org.zalando.logbook.Logbook              : .web.filter.CharacterEncodingFilter.doFilterInternal(CharacterEncodingFilter.java:200)\r\n\tat org.springframework.web.filter.OncePerRequestFilter.doFilter(OncePerRequestFilter.java:107)\r\n\tat org.apache.catalina.core.ApplicationFilterChain.internalDoFilter(ApplicationFilterChain.java:193)\r\n\tat org.apache.catalina.core.ApplicationFilterChain.doFilter(ApplicationFilterChain.java:166)\r\n\tat org.apache.catalina.core.StandardWrapperValve.invoke(StandardWrapperValve.java:200)\r\n\tat org.apache.catalina.core.StandardContextValve.invoke(StandardContextValve.java:96)\r\n\tat org.apache.catalina.authenticator.AuthenticatorBase.invoke(AuthenticatorBase.java:490)\r\n\tat org.apache.catalina.core.StandardHostValve.invoke(StandardHostValve.java:139)\r\n\tat org.apache.catalina.valves.ErrorReportValve.invoke(ErrorReportValve.java:92)\r\n\tat org.apache.catalina.core.StandardEngineValve.invoke(StandardEngineValve.java:74)\r\n\tat org.apache.catalina.connector.CoyoteAdapter.service(CoyoteAdapt
2019-04-08 21:40:07.261 TRACE 1752 --- [http-nio-8080-exec-8] org.zalando.logbook.Logbook              : er.java:343)\r\n\tat org.apache.coyote.http11.Http11Processor.service(Http11Processor.java:408)\r\n\tat org.apache.coyote.AbstractProcessorLight.process(AbstractProcessorLight.java:66)\r\n\tat org.apache.coyote.AbstractProtocol$ConnectionHandler.process(AbstractProtocol.java:834)\r\n\tat org.apache.tomcat.util.net.NioEndpoint$SocketProcessor.doRun(NioEndpoint.java:1415)\r\n\tat org.apache.tomcat.util.net.SocketProcessorBase.run(SocketProcessorBase.java:49)\r\n\tat java.base/java.util.concurrent.ThreadPoolExecutor.runWorker(ThreadPoolExecutor.java:1128)\r\n\tat java.base/java.util.concurrent.ThreadPoolExecutor$Worker.run(ThreadPoolExecutor.java:628)\r\n\tat org.apache.tomcat.util.threads.TaskThread$WrappingRunnable.run(TaskThread.java:61)\r\n\tat java.base/java.lang.Thread.run(Thread.java:834)\r\n","path":"/api/v1/echo"}
2019-04-08 21:40:39.764 TRACE 1752 --- [http-nio-8080-exec-10] org.zalando.logbook.Logbook              : Incoming Request: 9306f214efda66ea
GET http://localhost:8080/api/v1 HTTP/1.1
authorization: Bearer
host: localhost:8080
connection: keep-alive
accept-encoding: gzip, deflate
accept: */*
user-agent: HTTPie/0.9.2
2019-04-08 21:40:39.768 TRACE 1752 --- [http-nio-8080-exec-10] org.zalando.logbook.Logbook              : Outgoing Response: 9306f214efda66ea
Duration: 3 ms
HTTP/1.1 200 OK
Content-Length: 11
Date: Mon, 08 Apr 2019 18:40:39 GMT
Content-Type: text/plain;charset=UTF-8

I am alive!
2019-04-08 21:40:43.835 TRACE 1752 --- [http-nio-8080-exec-2] org.zalando.logbook.Logbook              : Incoming Request: 8624adb4b76f0eb5
GET http://localhost:8080/api/v1 HTTP/1.1
authorization: Bearer
host: localhost:8080
connection: keep-alive
accept-encoding: gzip, deflate
accept: */*
user-agent: HTTPie/0.9.2
2019-04-08 21:40:43.839 TRACE 1752 --- [http-nio-8080-exec-2] org.zalando.logbook.Logbook              : Outgoing Response: 8624adb4b76f0eb5
Duration: 4 ms
HTTP/1.1 200 OK
Content-Length: 11
Date: Mon, 08 Apr 2019 18:40:43 GMT
Content-Type: text/plain;charset=UTF-8

I am alive!
2019-04-08 21:40:51.995 TRACE 1752 --- [http-nio-8080-exec-3] org.zalando.logbook.Logbook              : Incoming Request: c79420f75ac67053
GET http://localhost:8080/api/v1 HTTP/1.1
authorization: Bearer asdasdq2d
host: localhost:8080
connection: keep-alive
accept-encoding: gzip, deflate
accept: */*
user-agent: HTTPie/0.9.2
2019-04-08 21:40:51.999 TRACE 1752 --- [http-nio-8080-exec-3] org.zalando.logbook.Logbook              : Outgoing Response: c79420f75ac67053
Duration: 3 ms
HTTP/1.1 200 OK
Content-Length: 11
Date: Mon, 08 Apr 2019 18:40:51 GMT
Content-Type: text/plain;charset=UTF-8

I am alive!
2019-04-08 21:41:54.490  INFO 1752 --- [Thread-8] o.s.s.concurrent.ThreadPoolTaskExecutor  : Shutting down ExecutorService 'applicationTaskExecutor'
2019-04-08 21:48:29.496  INFO 11360 --- [restartedMain] com.logbook_spring_example.Application   : Starting Application on DAVIDOS-WINDOWS with PID 11360 (C:\Users\DavidOS\IdeaProjects\logbook-spring-example\target\classes started by DavidOS in C:\Users\DavidOS\IdeaProjects\logbook-spring-example)
2019-04-08 21:48:29.501  INFO 11360 --- [restartedMain] com.logbook_spring_example.Application   : No active profile set, falling back to default profiles: default
2019-04-08 21:48:29.668  INFO 11360 --- [restartedMain] .e.DevToolsPropertyDefaultsPostProcessor : Devtools property defaults active! Set 'spring.devtools.add-properties' to 'false' to disable
2019-04-08 21:48:29.669  INFO 11360 --- [restartedMain] .e.DevToolsPropertyDefaultsPostProcessor : For additional web related logging consider setting the 'logging.level.web' property to 'DEBUG'
2019-04-08 21:48:33.404  INFO 11360 --- [restartedMain] trationDelegate$BeanPostProcessorChecker : Bean 'org.springframework.hateoas.config.HateoasConfiguration' of type [org.springframework.hateoas.config.HateoasConfiguration$$EnhancerBySpringCGLIB$$6b4afeba] is not eligible for getting processed by all BeanPostProcessors (for example: not eligible for auto-proxying)
2019-04-08 21:48:34.240  INFO 11360 --- [restartedMain] o.s.b.w.embedded.tomcat.TomcatWebServer  : Tomcat initialized with port(s): 8080 (http)
2019-04-08 21:48:34.301  INFO 11360 --- [restartedMain] o.apache.catalina.core.StandardService   : Starting service [Tomcat]
2019-04-08 21:48:34.302  INFO 11360 --- [restartedMain] org.apache.catalina.core.StandardEngine  : Starting Servlet engine: [Apache Tomcat/9.0.17]
2019-04-08 21:48:34.453  INFO 11360 --- [restartedMain] o.a.c.c.C.[Tomcat].[localhost].[/]       : Initializing Spring embedded WebApplicationContext
2019-04-08 21:48:34.454  INFO 11360 --- [restartedMain] o.s.web.context.ContextLoader            : Root WebApplicationContext: initialization completed in 4784 ms
2019-04-08 21:48:37.291  INFO 11360 --- [restartedMain] o.s.s.concurrent.ThreadPoolTaskExecutor  : Initializing ExecutorService 'applicationTaskExecutor'
2019-04-08 21:48:38.342  INFO 11360 --- [restartedMain] o.s.b.d.a.OptionalLiveReloadServer       : LiveReload server is running on port 35729
2019-04-08 21:48:38.386  INFO 11360 --- [restartedMain] o.s.b.a.e.web.EndpointLinksResolver      : Exposing 2 endpoint(s) beneath base path '/actuator'
2019-04-08 21:48:38.598  INFO 11360 --- [restartedMain] o.s.b.w.embedded.tomcat.TomcatWebServer  : Tomcat started on port(s): 8080 (http) with context path ''
2019-04-08 21:48:38.620  INFO 11360 --- [restartedMain] com.logbook_spring_example.Application   : Started Application in 10.015 seconds (JVM running for 12.982)
2019-04-08 21:48:38.908  INFO 11360 --- [RMI TCP Connection(1)-10.0.75.1] o.a.c.c.C.[Tomcat].[localhost].[/]       : Initializing Spring DispatcherServlet 'dispatcherServlet'
2019-04-08 21:48:38.910  INFO 11360 --- [RMI TCP Connection(1)-10.0.75.1] o.s.web.servlet.DispatcherServlet        : Initializing Servlet 'dispatcherServlet'
2019-04-08 21:48:38.945  INFO 11360 --- [RMI TCP Connection(1)-10.0.75.1] o.s.web.servlet.DispatcherServlet        : Completed initialization in 35 ms
2019-04-08 21:48:41.733 TRACE 11360 --- [http-nio-8080-exec-1] org.zalando.logbook.Logbook              : Incoming Request: f2c7602ce045df5d
GET http://localhost:8080/api/v1 HTTP/1.1
authorization: Bearer asdasdq2d
host: localhost:8080
connection: keep-alive
accept-encoding: gzip, deflate
accept: */*
user-agent: HTTPie/0.9.2
2019-04-08 21:48:41.787 TRACE 11360 --- [http-nio-8080-exec-1] org.zalando.logbook.Logbook              : Outgoing Response: f2c7602ce045df5d
Duration: 61 ms
HTTP/1.1 200 OK
Content-Length: 11
Date: Mon, 08 Apr 2019 18:48:41 GMT
Content-Type: text/plain;charset=UTF-8

I am alive!
2019-04-08 21:48:50.308 TRACE 11360 --- [http-nio-8080-exec-2] org.zalando.logbook.Logbook              : Incoming Request: a98b296a4f973af2
GET http://localhost:8080/api/v1 HTTP/1.1
authorization: Bearer
host: localhost:8080
connection: keep-alive
accept-encoding: gzip, deflate
accept: */*
user-agent: HTTPie/0.9.2
2019-04-08 21:48:50.314 TRACE 11360 --- [http-nio-8080-exec-2] org.zalando.logbook.Logbook              : Outgoing Response: a98b296a4f973af2
Duration: 4 ms
HTTP/1.1 200 OK
Content-Length: 11
Date: Mon, 08 Apr 2019 18:48:50 GMT
Content-Type: text/plain;charset=UTF-8

I am alive!
2019-04-08 21:49:03.601 TRACE 11360 --- [http-nio-8080-exec-5] org.zalando.logbook.Logbook              : Incoming Request: b2e64d2d17be42e4
POST http://localhost:8080/api/v1/echo HTTP/1.1
content-length: 22
host: localhost:8080
connection: keep-alive
content-type: application/json
accept-encoding: gzip, deflate
accept: application/json
user-agent: HTTPie/0.9.2

{"password": "qwerty"}
2019-04-08 21:49:03.639 TRACE 11360 --- [http-nio-8080-exec-5] org.zalando.logbook.Logbook              : Outgoing Response: b2e64d2d17be42e4
Duration: 37 ms
HTTP/1.1 200 OK
Transfer-Encoding: chunked
Date: Mon, 08 Apr 2019 18:49:03 GMT
Content-Type: application/json;charset=UTF-8

{"password":"qwerty"}
2019-04-08 21:49:24.818  INFO 11360 --- [Thread-8] o.s.s.concurrent.ThreadPoolTaskExecutor  : Shutting down ExecutorService 'applicationTaskExecutor'
2019-04-08 21:49:35.801  INFO 8548 --- [restartedMain] com.logbook_spring_example.Application   : Starting Application on DAVIDOS-WINDOWS with PID 8548 (C:\Users\DavidOS\IdeaProjects\logbook-spring-example\target\classes started by DavidOS in C:\Users\DavidOS\IdeaProjects\logbook-spring-example)
2019-04-08 21:49:35.807  INFO 8548 --- [restartedMain] com.logbook_spring_example.Application   : No active profile set, falling back to default profiles: default
2019-04-08 21:49:35.936  INFO 8548 --- [restartedMain] .e.DevToolsPropertyDefaultsPostProcessor : Devtools property defaults active! Set 'spring.devtools.add-properties' to 'false' to disable
2019-04-08 21:49:35.936  INFO 8548 --- [restartedMain] .e.DevToolsPropertyDefaultsPostProcessor : For additional web related logging consider setting the 'logging.level.web' property to 'DEBUG'
2019-04-08 21:49:38.674  INFO 8548 --- [restartedMain] trationDelegate$BeanPostProcessorChecker : Bean 'org.springframework.hateoas.config.HateoasConfiguration' of type [org.springframework.hateoas.config.HateoasConfiguration$$EnhancerBySpringCGLIB$$1beb4be4] is not eligible for getting processed by all BeanPostProcessors (for example: not eligible for auto-proxying)
2019-04-08 21:49:39.625  INFO 8548 --- [restartedMain] o.s.b.w.embedded.tomcat.TomcatWebServer  : Tomcat initialized with port(s): 8080 (http)
2019-04-08 21:49:39.666  INFO 8548 --- [restartedMain] o.apache.catalina.core.StandardService   : Starting service [Tomcat]
2019-04-08 21:49:39.667  INFO 8548 --- [restartedMain] org.apache.catalina.core.StandardEngine  : Starting Servlet engine: [Apache Tomcat/9.0.17]
2019-04-08 21:49:39.816  INFO 8548 --- [restartedMain] o.a.c.c.C.[Tomcat].[localhost].[/]       : Initializing Spring embedded WebApplicationContext
2019-04-08 21:49:39.816  INFO 8548 --- [restartedMain] o.s.web.context.ContextLoader            : Root WebApplicationContext: initialization completed in 3879 ms
2019-04-08 21:49:42.221  INFO 8548 --- [restartedMain] o.s.s.concurrent.ThreadPoolTaskExecutor  : Initializing ExecutorService 'applicationTaskExecutor'
2019-04-08 21:49:43.160  INFO 8548 --- [restartedMain] o.s.b.d.a.OptionalLiveReloadServer       : LiveReload server is running on port 35729
2019-04-08 21:49:43.208  INFO 8548 --- [restartedMain] o.s.b.a.e.web.EndpointLinksResolver      : Exposing 2 endpoint(s) beneath base path '/actuator'
2019-04-08 21:49:43.377  INFO 8548 --- [restartedMain] o.s.b.w.embedded.tomcat.TomcatWebServer  : Tomcat started on port(s): 8080 (http) with context path ''
2019-04-08 21:49:43.387  INFO 8548 --- [restartedMain] com.logbook_spring_example.Application   : Started Application in 8.48 seconds (JVM running for 11.579)
2019-04-08 21:49:44.477  INFO 8548 --- [RMI TCP Connection(1)-10.0.75.1] o.a.c.c.C.[Tomcat].[localhost].[/]       : Initializing Spring DispatcherServlet 'dispatcherServlet'
2019-04-08 21:49:44.480  INFO 8548 --- [RMI TCP Connection(1)-10.0.75.1] o.s.web.servlet.DispatcherServlet        : Initializing Servlet 'dispatcherServlet'
2019-04-08 21:49:44.512  INFO 8548 --- [RMI TCP Connection(1)-10.0.75.1] o.s.web.servlet.DispatcherServlet        : Completed initialization in 32 ms
2019-04-08 21:49:46.534 TRACE 8548 --- [http-nio-8080-exec-2] org.zalando.logbook.Logbook              : Incoming Request: c5e9500915dd3211
POST http://localhost:8080/api/v1/echo HTTP/1.1
content-length: 22
host: localhost:8080
connection: keep-alive
content-type: application/json
accept-encoding: gzip, deflate
accept: application/json
user-agent: HTTPie/0.9.2

{"password": "qwerty"}
2019-04-08 21:49:46.646 TRACE 8548 --- [http-nio-8080-exec-2] org.zalando.logbook.Logbook              : Outgoing Response: c5e9500915dd3211
Duration: 120 ms
HTTP/1.1 200 OK
Transfer-Encoding: chunked
Date: Mon, 08 Apr 2019 18:49:46 GMT
Content-Type: application/json;charset=UTF-8

{"password":"qwerty"}
2019-04-08 21:49:51.469 TRACE 8548 --- [http-nio-8080-exec-3] org.zalando.logbook.Logbook              : Incoming Request: ad444e8b8055c039
POST http://localhost:8080/api/v1/echo HTTP/1.1
content-length: 22
host: localhost:8080
connection: keep-alive
content-type: application/json
accept-encoding: gzip, deflate
accept: application/json
user-agent: HTTPie/0.9.2

{"password": "qwerty"}
2019-04-08 21:49:51.474 TRACE 8548 --- [http-nio-8080-exec-3] org.zalando.logbook.Logbook              : Outgoing Response: ad444e8b8055c039
Duration: 3 ms
HTTP/1.1 200 OK
Transfer-Encoding: chunked
Date: Mon, 08 Apr 2019 18:49:51 GMT
Content-Type: application/json;charset=UTF-8

{"password":"qwerty"}
2019-04-08 21:49:53.866 TRACE 8548 --- [http-nio-8080-exec-5] org.zalando.logbook.Logbook              : Incoming Request: aaf93c907097b915
POST http://localhost:8080/api/v1/echo HTTP/1.1
content-length: 22
host: localhost:8080
connection: keep-alive
content-type: application/json
accept-encoding: gzip, deflate
accept: application/json
user-agent: HTTPie/0.9.2

{"password": "qwerty"}
2019-04-08 21:49:53.869 TRACE 8548 --- [http-nio-8080-exec-5] org.zalando.logbook.Logbook              : Outgoing Response: aaf93c907097b915
Duration: 4 ms
HTTP/1.1 200 OK
Transfer-Encoding: chunked
Date: Mon, 08 Apr 2019 18:49:53 GMT
Content-Type: application/json;charset=UTF-8

{"password":"qwerty"}
2019-04-08 21:49:55.053 TRACE 8548 --- [http-nio-8080-exec-7] org.zalando.logbook.Logbook              : Incoming Request: c9e45b3fa415f120
POST http://localhost:8080/api/v1/echo HTTP/1.1
content-length: 22
host: localhost:8080
connection: keep-alive
content-type: application/json
accept-encoding: gzip, deflate
accept: application/json
user-agent: HTTPie/0.9.2

{"password": "qwerty"}
2019-04-08 21:49:55.057 TRACE 8548 --- [http-nio-8080-exec-7] org.zalando.logbook.Logbook              : Outgoing Response: c9e45b3fa415f120
Duration: 4 ms
HTTP/1.1 200 OK
Transfer-Encoding: chunked
Date: Mon, 08 Apr 2019 18:49:55 GMT
Content-Type: application/json;charset=UTF-8

{"password":"qwerty"}
2019-04-08 21:49:56.073 TRACE 8548 --- [http-nio-8080-exec-9] org.zalando.logbook.Logbook              : Incoming Request: 9c69a1093a9c4e88
POST http://localhost:8080/api/v1/echo HTTP/1.1
content-length: 22
host: localhost:8080
connection: keep-alive
content-type: application/json
accept-encoding: gzip, deflate
accept: application/json
user-agent: HTTPie/0.9.2

{"password": "qwerty"}
2019-04-08 21:49:56.077 TRACE 8548 --- [http-nio-8080-exec-9] org.zalando.logbook.Logbook              : Outgoing Response: 9c69a1093a9c4e88
Duration: 3 ms
HTTP/1.1 200 OK
Transfer-Encoding: chunked
Date: Mon, 08 Apr 2019 18:49:56 GMT
Content-Type: application/json;charset=UTF-8

{"password":"qwerty"}
2019-04-08 21:49:57.108 TRACE 8548 --- [http-nio-8080-exec-2] org.zalando.logbook.Logbook              : Incoming Request: 92cbdea61221e106
POST http://localhost:8080/api/v1/echo HTTP/1.1
content-length: 22
host: localhost:8080
connection: keep-alive
content-type: application/json
accept-encoding: gzip, deflate
accept: application/json
user-agent: HTTPie/0.9.2

{"password": "qwerty"}
2019-04-08 21:49:57.113 TRACE 8548 --- [http-nio-8080-exec-2] org.zalando.logbook.Logbook              : Outgoing Response: 92cbdea61221e106
Duration: 4 ms
HTTP/1.1 200 OK
Transfer-Encoding: chunked
Date: Mon, 08 Apr 2019 18:49:57 GMT
Content-Type: application/json;charset=UTF-8

{"password":"qwerty"}
2019-04-08 21:49:57.992 TRACE 8548 --- [http-nio-8080-exec-3] org.zalando.logbook.Logbook              : Incoming Request: a122b42e33b9d422
POST http://localhost:8080/api/v1/echo HTTP/1.1
content-length: 22
host: localhost:8080
connection: keep-alive
content-type: application/json
accept-encoding: gzip, deflate
accept: application/json
user-agent: HTTPie/0.9.2

{"password": "qwerty"}
2019-04-08 21:49:57.995 TRACE 8548 --- [http-nio-8080-exec-3] org.zalando.logbook.Logbook              : Outgoing Response: a122b42e33b9d422
Duration: 3 ms
HTTP/1.1 200 OK
Transfer-Encoding: chunked
Date: Mon, 08 Apr 2019 18:49:57 GMT
Content-Type: application/json;charset=UTF-8

{"password":"qwerty"}
2019-04-08 21:50:10.748 TRACE 8548 --- [http-nio-8080-exec-5] org.zalando.logbook.Logbook              : Incoming Request: 9ed519dfad0f2a15
GET http://localhost:8080/api/v1/echo?password=qwerty HTTP/1.1
host: localhost:8080
connection: keep-alive
accept-encoding: gzip, deflate
accept: */*
user-agent: HTTPie/0.9.2
2019-04-08 21:50:10.753  WARN 8548 --- [http-nio-8080-exec-5] .w.s.m.s.DefaultHandlerExceptionResolver : Resolved [org.springframework.web.HttpRequestMethodNotSupportedException: Request method 'GET' not supported]
2019-04-08 21:50:10.755 TRACE 8548 --- [http-nio-8080-exec-5] org.zalando.logbook.Logbook              : Outgoing Response: 9ed519dfad0f2a15
Duration: 6 ms
HTTP/1.1 405 Method Not Allowed
Allow: POST
2019-04-08 21:50:10.759 TRACE 8548 --- [http-nio-8080-exec-5] org.zalando.logbook.Logbook              : Incoming Request: e02642c717ee6d0f
GET http://localhost:8080/error?password=qwerty HTTP/1.1
host: localhost:8080
connection: keep-alive
accept-encoding: gzip, deflate
accept: */*
user-agent: HTTPie/0.9.2
2019-04-08 21:50:10.780 TRACE 8548 --- [http-nio-8080-exec-5] org.zalando.logbook.Logbook              : Outgoing Response: e02642c717ee6d0f
Duration: 19 ms
HTTP/1.1 405 Method Not Allowed
Transfer-Encoding: chunked
Date: Mon, 08 Apr 2019 18:50:10 GMT
Allow: POST
Content-Type: application/json;charset=UTF-8

{"timestamp":"2019-04-08T18:50:10.766+0000","status":405,"error":"Method Not Allowed","message":"Request method 'GET' not supported","trace":"org.springframework.web.HttpRequestMethodNotSupportedException: Request method 'GET' not supported\r\n\tat org.springframework.web.servlet.mvc.method.RequestMappingInfoHandlerMapping.handleNoMatch(RequestMappingInfoHandlerMapping.java:200)\r\n\tat org.springframework.web.servlet.handler.AbstractHandlerMethodMapping.lookupHandlerMethod(AbstractHandlerMethodMapping.java:419)\r\n\tat org.springframework.web.servlet.handler.AbstractHandlerMethodMapping.getHandlerInternal(AbstractHandlerMethodMapping.java:365)\r\n\tat org.springframework.web.servlet.handler.AbstractHandlerMethodMapping.getHandlerInternal(AbstractHandlerMethodMapping.java:65)\r\n\tat 
2019-04-08 21:50:10.780 TRACE 8548 --- [http-nio-8080-exec-5] org.zalando.logbook.Logbook              : org.springframework.web.servlet.handler.AbstractHandlerMapping.getHandler(AbstractHandlerMapping.java:401)\r\n\tat org.springframework.web.servlet.DispatcherServlet.getHandler(DispatcherServlet.java:1231)\r\n\tat org.springframework.web.servlet.DispatcherServlet.doDispatch(DispatcherServlet.java:1014)\r\n\tat org.springframework.web.servlet.DispatcherServlet.doService(DispatcherServlet.java:942)\r\n\tat org.springframework.web.servlet.FrameworkServlet.processRequest(FrameworkServlet.java:1005)\r\n\tat org.springframework.web.servlet.FrameworkServlet.doGet(FrameworkServlet.java:897)\r\n\tat javax.servlet.http.HttpServlet.service(HttpServlet.java:634)\r\n\tat org.springframework.web.servlet.FrameworkServlet.service(FrameworkServlet.java:882)\r\n\tat javax.servlet.http.HttpServlet.service(HttpServlet.java:741)\r\n\tat org.apache.catalina.core.ApplicationFilterChain.internalDoFilter(ApplicationFilterChain.java:231)\r\n\tat org.apache.catalina.core.ApplicationFilterChain.doFilter(Applicatio
2019-04-08 21:50:10.780 TRACE 8548 --- [http-nio-8080-exec-5] org.zalando.logbook.Logbook              : nFilterChain.java:166)\r\n\tat org.apache.tomcat.websocket.server.WsFilter.doFilter(WsFilter.java:53)\r\n\tat org.apache.catalina.core.ApplicationFilterChain.internalDoFilter(ApplicationFilterChain.java:193)\r\n\tat org.apache.catalina.core.ApplicationFilterChain.doFilter(ApplicationFilterChain.java:166)\r\n\tat org.zalando.logbook.servlet.NormalStrategy.doFilter(NormalStrategy.java:38)\r\n\tat org.zalando.logbook.servlet.LogbookFilter.doFilter(LogbookFilter.java:39)\r\n\tat org.zalando.logbook.servlet.HttpFilter.doFilter(HttpFilter.java:31)\r\n\tat org.apache.catalina.core.ApplicationFilterChain.internalDoFilter(ApplicationFilterChain.java:193)\r\n\tat org.apache.catalina.core.ApplicationFilterChain.doFilter(ApplicationFilterChain.java:166)\r\n\tat org.springframework.boot.actuate.web.trace.servlet.HttpTraceFilter.doFilterInternal(HttpTraceFilter.java:90)\r\n\tat org.springframework.web.filter.OncePerRequestFilter.doFilter(OncePerRequestFilter.java:107)\r\n\tat org.apache.catalina.cor
2019-04-08 21:50:10.781 TRACE 8548 --- [http-nio-8080-exec-5] org.zalando.logbook.Logbook              : e.ApplicationFilterChain.internalDoFilter(ApplicationFilterChain.java:193)\r\n\tat org.apache.catalina.core.ApplicationFilterChain.doFilter(ApplicationFilterChain.java:166)\r\n\tat org.springframework.web.filter.RequestContextFilter.doFilterInternal(RequestContextFilter.java:99)\r\n\tat org.springframework.web.filter.OncePerRequestFilter.doFilter(OncePerRequestFilter.java:107)\r\n\tat org.apache.catalina.core.ApplicationFilterChain.internalDoFilter(ApplicationFilterChain.java:193)\r\n\tat org.apache.catalina.core.ApplicationFilterChain.doFilter(ApplicationFilterChain.java:166)\r\n\tat org.springframework.web.filter.FormContentFilter.doFilterInternal(FormContentFilter.java:92)\r\n\tat org.springframework.web.filter.OncePerRequestFilter.doFilter(OncePerRequestFilter.java:107)\r\n\tat org.apache.catalina.core.ApplicationFilterChain.internalDoFilter(ApplicationFilterChain.java:193)\r\n\tat org.apache.catalina.core.ApplicationFilterChain.doFilter(ApplicationFilterChain.java:166)\r\n\tat 
2019-04-08 21:50:10.781 TRACE 8548 --- [http-nio-8080-exec-5] org.zalando.logbook.Logbook              : org.springframework.web.filter.HiddenHttpMethodFilter.doFilterInternal(HiddenHttpMethodFilter.java:93)\r\n\tat org.springframework.web.filter.OncePerRequestFilter.doFilter(OncePerRequestFilter.java:107)\r\n\tat org.apache.catalina.core.ApplicationFilterChain.internalDoFilter(ApplicationFilterChain.java:193)\r\n\tat org.apache.catalina.core.ApplicationFilterChain.doFilter(ApplicationFilterChain.java:166)\r\n\tat org.springframework.boot.actuate.metrics.web.servlet.WebMvcMetricsFilter.filterAndRecordMetrics(WebMvcMetricsFilter.java:117)\r\n\tat org.springframework.boot.actuate.metrics.web.servlet.WebMvcMetricsFilter.doFilterInternal(WebMvcMetricsFilter.java:106)\r\n\tat org.springframework.web.filter.OncePerRequestFilter.doFilter(OncePerRequestFilter.java:107)\r\n\tat org.apache.catalina.core.ApplicationFilterChain.internalDoFilter(ApplicationFilterChain.java:193)\r\n\tat org.apache.catalina.core.ApplicationFilterChain.doFilter(ApplicationFilterChain.java:166)\r\n\tat org.springframework
2019-04-08 21:50:10.781 TRACE 8548 --- [http-nio-8080-exec-5] org.zalando.logbook.Logbook              : .web.filter.CharacterEncodingFilter.doFilterInternal(CharacterEncodingFilter.java:200)\r\n\tat org.springframework.web.filter.OncePerRequestFilter.doFilter(OncePerRequestFilter.java:107)\r\n\tat org.apache.catalina.core.ApplicationFilterChain.internalDoFilter(ApplicationFilterChain.java:193)\r\n\tat org.apache.catalina.core.ApplicationFilterChain.doFilter(ApplicationFilterChain.java:166)\r\n\tat org.apache.catalina.core.StandardWrapperValve.invoke(StandardWrapperValve.java:200)\r\n\tat org.apache.catalina.core.StandardContextValve.invoke(StandardContextValve.java:96)\r\n\tat org.apache.catalina.authenticator.AuthenticatorBase.invoke(AuthenticatorBase.java:490)\r\n\tat org.apache.catalina.core.StandardHostValve.invoke(StandardHostValve.java:139)\r\n\tat org.apache.catalina.valves.ErrorReportValve.invoke(ErrorReportValve.java:92)\r\n\tat org.apache.catalina.core.StandardEngineValve.invoke(StandardEngineValve.java:74)\r\n\tat org.apache.catalina.connector.CoyoteAdapter.service(CoyoteAdapt
2019-04-08 21:50:10.781 TRACE 8548 --- [http-nio-8080-exec-5] org.zalando.logbook.Logbook              : er.java:343)\r\n\tat org.apache.coyote.http11.Http11Processor.service(Http11Processor.java:408)\r\n\tat org.apache.coyote.AbstractProcessorLight.process(AbstractProcessorLight.java:66)\r\n\tat org.apache.coyote.AbstractProtocol$ConnectionHandler.process(AbstractProtocol.java:834)\r\n\tat org.apache.tomcat.util.net.NioEndpoint$SocketProcessor.doRun(NioEndpoint.java:1415)\r\n\tat org.apache.tomcat.util.net.SocketProcessorBase.run(SocketProcessorBase.java:49)\r\n\tat java.base/java.util.concurrent.ThreadPoolExecutor.runWorker(ThreadPoolExecutor.java:1128)\r\n\tat java.base/java.util.concurrent.ThreadPoolExecutor$Worker.run(ThreadPoolExecutor.java:628)\r\n\tat org.apache.tomcat.util.threads.TaskThread$WrappingRunnable.run(TaskThread.java:61)\r\n\tat java.base/java.lang.Thread.run(Thread.java:834)\r\n","path":"/api/v1/echo"}
2019-04-08 21:50:18.565 TRACE 8548 --- [http-nio-8080-exec-7] org.zalando.logbook.Logbook              : Incoming Request: d290dab3cad31174
GET http://localhost:8080/api/v1?password=qwerty HTTP/1.1
host: localhost:8080
connection: keep-alive
accept-encoding: gzip, deflate
accept: */*
user-agent: HTTPie/0.9.2
2019-04-08 21:50:18.570 TRACE 8548 --- [http-nio-8080-exec-7] org.zalando.logbook.Logbook              : Outgoing Response: d290dab3cad31174
Duration: 5 ms
HTTP/1.1 200 OK
Content-Length: 11
Date: Mon, 08 Apr 2019 18:50:18 GMT
Content-Type: text/plain;charset=UTF-8

I am alive!
2019-04-08 21:50:33.407  INFO 8548 --- [Thread-8] o.s.s.concurrent.ThreadPoolTaskExecutor  : Shutting down ExecutorService 'applicationTaskExecutor'
2019-04-08 21:52:08.818  INFO 12032 --- [main] c.l.ApplicationTests                     : Starting ApplicationTests on DAVIDOS-WINDOWS with PID 12032 (started by DavidOS in C:\Users\DavidOS\IdeaProjects\logbook-spring-example)
2019-04-08 21:52:08.826  INFO 12032 --- [main] c.l.ApplicationTests                     : No active profile set, falling back to default profiles: default
2019-04-08 21:52:13.333  INFO 12032 --- [main] trationDelegate$BeanPostProcessorChecker : Bean 'org.springframework.hateoas.config.HateoasConfiguration' of type [org.springframework.hateoas.config.HateoasConfiguration$$EnhancerBySpringCGLIB$$741ffd2c] is not eligible for getting processed by all BeanPostProcessors (for example: not eligible for auto-proxying)
2019-04-08 21:52:15.777  INFO 12032 --- [main] o.s.s.concurrent.ThreadPoolTaskExecutor  : Initializing ExecutorService 'applicationTaskExecutor'
2019-04-08 21:52:17.627  INFO 12032 --- [main] o.s.b.a.e.web.EndpointLinksResolver      : Exposing 2 endpoint(s) beneath base path '/actuator'
2019-04-08 21:52:17.808  INFO 12032 --- [main] c.l.ApplicationTests                     : Started ApplicationTests in 10.249 seconds (JVM running for 12.601)
2019-04-08 21:52:18.555  INFO 12032 --- [Thread-2] o.s.s.concurrent.ThreadPoolTaskExecutor  : Shutting down ExecutorService 'applicationTaskExecutor'
2019-04-08 21:52:32.892  INFO 1080 --- [restartedMain] com.logbook_spring_example.Application   : Starting Application on DAVIDOS-WINDOWS with PID 1080 (C:\Users\DavidOS\IdeaProjects\logbook-spring-example\target\classes started by DavidOS in C:\Users\DavidOS\IdeaProjects\logbook-spring-example)
2019-04-08 21:52:32.902  INFO 1080 --- [restartedMain] com.logbook_spring_example.Application   : No active profile set, falling back to default profiles: default
2019-04-08 21:52:33.050  INFO 1080 --- [restartedMain] .e.DevToolsPropertyDefaultsPostProcessor : Devtools property defaults active! Set 'spring.devtools.add-properties' to 'false' to disable
2019-04-08 21:52:33.050  INFO 1080 --- [restartedMain] .e.DevToolsPropertyDefaultsPostProcessor : For additional web related logging consider setting the 'logging.level.web' property to 'DEBUG'
2019-04-08 21:52:36.326  INFO 1080 --- [restartedMain] trationDelegate$BeanPostProcessorChecker : Bean 'org.springframework.hateoas.config.HateoasConfiguration' of type [org.springframework.hateoas.config.HateoasConfiguration$$EnhancerBySpringCGLIB$$e27b0258] is not eligible for getting processed by all BeanPostProcessors (for example: not eligible for auto-proxying)
2019-04-08 21:52:37.061  INFO 1080 --- [restartedMain] o.s.b.w.embedded.tomcat.TomcatWebServer  : Tomcat initialized with port(s): 8080 (http)
2019-04-08 21:52:37.101  INFO 1080 --- [restartedMain] o.apache.catalina.core.StandardService   : Starting service [Tomcat]
2019-04-08 21:52:37.101  INFO 1080 --- [restartedMain] org.apache.catalina.core.StandardEngine  : Starting Servlet engine: [Apache Tomcat/9.0.17]
2019-04-08 21:52:37.231  INFO 1080 --- [restartedMain] o.a.c.c.C.[Tomcat].[localhost].[/]       : Initializing Spring embedded WebApplicationContext
2019-04-08 21:52:37.231  INFO 1080 --- [restartedMain] o.s.web.context.ContextLoader            : Root WebApplicationContext: initialization completed in 4180 ms
2019-04-08 21:52:39.499  INFO 1080 --- [restartedMain] o.s.s.concurrent.ThreadPoolTaskExecutor  : Initializing ExecutorService 'applicationTaskExecutor'
2019-04-08 21:52:40.352  INFO 1080 --- [restartedMain] o.s.b.d.a.OptionalLiveReloadServer       : LiveReload server is running on port 35729
2019-04-08 21:52:40.391  INFO 1080 --- [restartedMain] o.s.b.a.e.web.EndpointLinksResolver      : Exposing 2 endpoint(s) beneath base path '/actuator'
2019-04-08 21:52:40.565  INFO 1080 --- [restartedMain] o.s.b.w.embedded.tomcat.TomcatWebServer  : Tomcat started on port(s): 8080 (http) with context path ''
2019-04-08 21:52:40.578  INFO 1080 --- [restartedMain] com.logbook_spring_example.Application   : Started Application in 8.702 seconds (JVM running for 12.155)
2019-04-08 21:52:41.099  INFO 1080 --- [RMI TCP Connection(1)-10.0.75.1] o.a.c.c.C.[Tomcat].[localhost].[/]       : Initializing Spring DispatcherServlet 'dispatcherServlet'
2019-04-08 21:52:41.101  INFO 1080 --- [RMI TCP Connection(1)-10.0.75.1] o.s.web.servlet.DispatcherServlet        : Initializing Servlet 'dispatcherServlet'
2019-04-08 21:52:41.135  INFO 1080 --- [RMI TCP Connection(1)-10.0.75.1] o.s.web.servlet.DispatcherServlet        : Completed initialization in 34 ms
2019-04-08 21:52:48.262 TRACE 1080 --- [http-nio-8080-exec-1] org.zalando.logbook.Logbook              : Incoming Request: ad5f40dfa9fe2512
GET http://localhost:8080/api/v1?password=qwerty HTTP/1.1
host: localhost:8080
connection: keep-alive
accept-encoding: gzip, deflate
accept: */*
user-agent: HTTPie/0.9.2
2019-04-08 21:52:48.319 TRACE 1080 --- [http-nio-8080-exec-1] org.zalando.logbook.Logbook              : Outgoing Response: ad5f40dfa9fe2512
Duration: 63 ms
HTTP/1.1 200 OK
Content-Length: 11
Date: Mon, 08 Apr 2019 18:52:48 GMT
Content-Type: text/plain;charset=UTF-8

I am alive!
2019-04-08 21:52:57.789 TRACE 1080 --- [http-nio-8080-exec-2] org.zalando.logbook.Logbook              : Incoming Request: 85b38dcbef129295
GET http://localhost:8080/api/v1 HTTP/1.1
authorization: XXX
host: localhost:8080
connection: keep-alive
accept-encoding: gzip, deflate
accept: */*
user-agent: HTTPie/0.9.2
2019-04-08 21:52:57.793 TRACE 1080 --- [http-nio-8080-exec-2] org.zalando.logbook.Logbook              : Outgoing Response: 85b38dcbef129295
Duration: 3 ms
HTTP/1.1 200 OK
Content-Length: 11
Date: Mon, 08 Apr 2019 18:52:57 GMT
Content-Type: text/plain;charset=UTF-8

I am alive!
2019-04-08 21:53:05.972 TRACE 1080 --- [http-nio-8080-exec-4] org.zalando.logbook.Logbook              : Incoming Request: afdc7b94e0566a63
GET http://localhost:8080/api/v1?password=qwerty HTTP/1.1
host: localhost:8080
connection: keep-alive
accept-encoding: gzip, deflate
accept: */*
user-agent: HTTPie/0.9.2
2019-04-08 21:53:05.976 TRACE 1080 --- [http-nio-8080-exec-4] org.zalando.logbook.Logbook              : Outgoing Response: afdc7b94e0566a63
Duration: 5 ms
HTTP/1.1 200 OK
Content-Length: 11
Date: Mon, 08 Apr 2019 18:53:05 GMT
Content-Type: text/plain;charset=UTF-8

I am alive!
2019-04-08 21:53:28.247 TRACE 1080 --- [http-nio-8080-exec-6] org.zalando.logbook.Logbook              : Incoming Request: a547ac1522ca3b73
POST http://localhost:8080/api/v1/echo HTTP/1.1
content-length: 21
host: localhost:8080
connection: keep-alive
content-type: application/json
accept-encoding: gzip, deflate
accept: application/json
user-agent: HTTPie/0.9.2

{"password": "qerty"}
2019-04-08 21:53:28.282 TRACE 1080 --- [http-nio-8080-exec-6] org.zalando.logbook.Logbook              : Outgoing Response: a547ac1522ca3b73
Duration: 37 ms
HTTP/1.1 200 OK
Transfer-Encoding: chunked
Date: Mon, 08 Apr 2019 18:53:28 GMT
Content-Type: application/json;charset=UTF-8

{"password":"qerty"}
2019-04-08 21:53:33.727  INFO 1080 --- [Thread-8] o.s.s.concurrent.ThreadPoolTaskExecutor  : Shutting down ExecutorService 'applicationTaskExecutor'
